Using pre-set license
Built from '2020.3/staging' branch; Version is '2020.3.9f1 (108be757e447) revision 1084391'; Using compiler version '192528614'; Build Type 'Release'
OS: 'Windows 10 Pro for Workstations; OS build 19045.3448; Version 2009; 64bit' Language: 'ko' Physical Memory: 16067 MB
BatchMode: 1, IsHumanControllingUs: 0, StartBugReporterOnCrash: 0, Is64bit: 1, IsPro: 0

 COMMAND LINE ARGUMENTS:
C:\Program Files\Unity\Editor\Unity.exe
-adb2
-batchMode
-noUpm
-name
AssetImportWorker1
-projectPath
C:/Users/USER/github/NewUnityProject
-logFile
Logs/AssetImportWorker1.log
-srvPort
51361
Successfully changed project path to: C:/Users/USER/github/NewUnityProject
C:/Users/USER/github/NewUnityProject
Using Asset Import Pipeline V2.
Refreshing native plugins compatible for Editor in 75.42 ms, found 1 plugins.
Preloading 0 native plugins for Editor in 0.00 ms.
Initialize engine version: 2020.3.9f1 (108be757e447)
[Subsystems] Discovering subsystems at path C:/Program Files/Unity/Editor/Data/Resources/UnitySubsystems
[Subsystems] Discovering subsystems at path C:/Users/USER/github/NewUnityProject/Assets
GfxDevice: creating device client; threaded=0
Direct3D:
    Version:  Direct3D 11.0 [level 11.1]
    Renderer: NVIDIA RTX A2000 (ID=0x2531)
    Vendor:   
    VRAM:     6004 MB
    Driver:   31.0.15.3713
Initialize mono
Mono path[0] = 'C:/Program Files/Unity/Editor/Data/Managed'
Mono path[1] = 'C:/Program Files/Unity/Editor/Data/MonoBleedingEdge/lib/mono/unityjit'
Mono config path = 'C:/Program Files/Unity/Editor/Data/MonoBleedingEdge/etc'
Using monoOptions --debugger-agent=transport=dt_socket,embedding=1,server=y,suspend=n,address=127.0.0.1:56784
Begin MonoManager ReloadAssembly
Registering precompiled unity dll's ...
Register platform support module: C:/Program Files/Unity/Editor/Data/PlaybackEngines/WindowsStandaloneSupport/UnityEditor.WindowsStandalone.Extensions.dll
Registered in 0.063722 seconds.
Native extension for WindowsStandalone target not found
Refreshing native plugins compatible for Editor in 74.02 ms, found 1 plugins.
Preloading 0 native plugins for Editor in 0.00 ms.
Mono: successfully reloaded assembly
- Completed reload, in  1.532 seconds
Platform modules already initialized, skipping
Registering precompiled user dll's ...
Registered in 0.003301 seconds.
Begin MonoManager ReloadAssembly
Native extension for WindowsStandalone target not found
Refreshing native plugins compatible for Editor in 80.80 ms, found 1 plugins.
Preloading 0 native plugins for Editor in 0.00 ms.
Mono: successfully reloaded assembly
- Completed reload, in  2.136 seconds
Platform modules already initialized, skipping
========================================================================
Worker process is ready to serve import requests
Launched and connected shader compiler UnityShaderCompiler.exe after 0.11 seconds
Refreshing native plugins compatible for Editor in 0.75 ms, found 1 plugins.
Preloading 0 native plugins for Editor in 0.00 ms.
Unloading 1837 Unused Serialized files (Serialized files now loaded: 0)
System memory in use before: 85.7 MB.
System memory in use after: 85.7 MB.

Unloading 24 unused Assets to reduce memory usage. Loaded Objects now: 2281.
Total: 3.109700 ms (FindLiveObjects: 0.288200 ms CreateObjectMapping: 0.073100 ms MarkObjects: 2.533600 ms  DeleteObjects: 0.212900 ms)

========================================================================
Received Import Request.
  path: Assets/Asset/Prefab/ExpItem.prefab
  artifactKey: Guid(8c05eecf12061ae4d8480afbc530460a) Importer(815301076,1909f56bfc062723c751e8b465ee728b)
Start importing Assets/Asset/Prefab/ExpItem.prefab using Guid(8c05eecf12061ae4d8480afbc530460a) Importer(815301076,1909f56bfc062723c751e8b465ee728b)  -> (artifact id: 'ca3cb1f33aa063d49314516aaefa99ab') in 0.391395 seconds
  Import took 0.433897 seconds .

========================================================================
Received Import Request.
  Time since last request: 0.000584 seconds.
  path: Assets/Asset/Image/UI2.png
  artifactKey: Guid(bf55cefe6718b9e4dbcf158f2ba2495d) Importer(815301076,1909f56bfc062723c751e8b465ee728b)
Start importing Assets/Asset/Image/UI2.png using Guid(bf55cefe6718b9e4dbcf158f2ba2495d) Importer(815301076,1909f56bfc062723c751e8b465ee728b)  -> (artifact id: 'a2a6bca5479b81a169e82eff30d64da5') in 0.369025 seconds
  Import took 0.377142 seconds .

========================================================================
Received Import Request.
  Time since last request: 0.000436 seconds.
  path: Assets/Asset/Prefab/Enemy3.prefab
  artifactKey: Guid(ba1ed957b75cde949b7e35a6b398f853) Importer(815301076,1909f56bfc062723c751e8b465ee728b)
Start importing Assets/Asset/Prefab/Enemy3.prefab using Guid(ba1ed957b75cde949b7e35a6b398f853) Importer(815301076,1909f56bfc062723c751e8b465ee728b)  -> (artifact id: '5e5a72ee713294b0373d0a692c033098') in 0.098100 seconds
  Import took 0.114065 seconds .

========================================================================
Received Import Request.
  Time since last request: 0.000370 seconds.
  path: Assets/Asset/Image/expitem.png
  artifactKey: Guid(5e29b8481fb5276458522dd7611e8d00) Importer(815301076,1909f56bfc062723c751e8b465ee728b)
Start importing Assets/Asset/Image/expitem.png using Guid(5e29b8481fb5276458522dd7611e8d00) Importer(815301076,1909f56bfc062723c751e8b465ee728b)  -> (artifact id: '120326f176f578b77331147b1e56ad5f') in 0.018443 seconds
  Import took 0.023997 seconds .

========================================================================
Received Import Request.
  Time since last request: 0.000358 seconds.
  path: Assets/Asset/Prefab/Enemy1.prefab
  artifactKey: Guid(b17473f2a0e352f45afd61c5b1b049a2) Importer(815301076,1909f56bfc062723c751e8b465ee728b)
Start importing Assets/Asset/Prefab/Enemy1.prefab using Guid(b17473f2a0e352f45afd61c5b1b049a2) Importer(815301076,1909f56bfc062723c751e8b465ee728b)  -> (artifact id: 'e80e5597243f08a03d7e9fb9da9cd9e9') in 0.091583 seconds
  Import took 0.102726 seconds .

========================================================================
Received Import Request.
  Time since last request: 0.000505 seconds.
  path: Assets/Asset/Prefab/Enemy2.prefab
  artifactKey: Guid(385f02980554c5a46b817b19dd3ce985) Importer(815301076,1909f56bfc062723c751e8b465ee728b)
Start importing Assets/Asset/Prefab/Enemy2.prefab using Guid(385f02980554c5a46b817b19dd3ce985) Importer(815301076,1909f56bfc062723c751e8b465ee728b)  -> (artifact id: '9f02e6585b27ac6b288b3b457d4e0fbf') in 0.061413 seconds
  Import took 0.066428 seconds .

========================================================================
Received Prepare
Refreshing native plugins compatible for Editor in 2.23 ms, found 1 plugins.
Preloading 0 native plugins for Editor in 0.00 ms.
Unloading 10 Unused Serialized files (Serialized files now loaded: 0)
System memory in use before: 53.8 MB.
System memory in use after: 53.8 MB.

Unloading 10 unused Assets to reduce memory usage. Loaded Objects now: 2314.
Total: 2.882500 ms (FindLiveObjects: 0.233100 ms CreateObjectMapping: 0.079600 ms MarkObjects: 2.444900 ms  DeleteObjects: 0.124100 ms)

========================================================================
Received Import Request.
  Time since last request: 30.177651 seconds.
  path: Assets/Scenes/SampleScene.unity
  artifactKey: Guid(2cda990e2423bbf4892e6590ba056729) Importer(815301076,1909f56bfc062723c751e8b465ee728b)
Start importing Assets/Scenes/SampleScene.unity using Guid(2cda990e2423bbf4892e6590ba056729) Importer(815301076,1909f56bfc062723c751e8b465ee728b)  -> (artifact id: 'e407814a4adc9aa5a6ccd70bceffa346') in 0.012680 seconds
  Import took 0.017654 seconds .

========================================================================
Received Import Request.
  Time since last request: 2.190600 seconds.
  path: Assets/Scenes/SampleScene3.unity
  artifactKey: Guid(b5e88219c04d9ca4c9b342c4f836010a) Importer(815301076,1909f56bfc062723c751e8b465ee728b)
Start importing Assets/Scenes/SampleScene3.unity using Guid(b5e88219c04d9ca4c9b342c4f836010a) Importer(815301076,1909f56bfc062723c751e8b465ee728b)  -> (artifact id: 'f2f43e4ce3343ac3251046c1584250dc') in 0.011010 seconds
  Import took 0.015715 seconds .

========================================================================
Received Import Request.
  Time since last request: 0.000743 seconds.
  path: Assets/Scenes/SampleScene3.unity
  artifactKey: Guid(b5e88219c04d9ca4c9b342c4f836010a) Importer(815301076,1909f56bfc062723c751e8b465ee728b)
Start importing Assets/Scenes/SampleScene3.unity using Guid(b5e88219c04d9ca4c9b342c4f836010a) Importer(815301076,1909f56bfc062723c751e8b465ee728b)  -> (artifact id: 'f2f43e4ce3343ac3251046c1584250dc') in 0.003150 seconds
  Import took 0.050286 seconds .

========================================================================
Received Prepare
Refreshing native plugins compatible for Editor in 2.79 ms, found 1 plugins.
Preloading 0 native plugins for Editor in 0.00 ms.
Unloading 10 Unused Serialized files (Serialized files now loaded: 0)
System memory in use before: 53.8 MB.
System memory in use after: 53.8 MB.

Unloading 10 unused Assets to reduce memory usage. Loaded Objects now: 2314.
Total: 3.636500 ms (FindLiveObjects: 0.335700 ms CreateObjectMapping: 0.097400 ms MarkObjects: 3.070400 ms  DeleteObjects: 0.131300 ms)

========================================================================
Received Prepare
Refreshing native plugins compatible for Editor in 3.53 ms, found 1 plugins.
Preloading 0 native plugins for Editor in 0.00 ms.
Unloading 10 Unused Serialized files (Serialized files now loaded: 0)
System memory in use before: 53.8 MB.
System memory in use after: 53.8 MB.

Unloading 10 unused Assets to reduce memory usage. Loaded Objects now: 2314.
Total: 3.855400 ms (FindLiveObjects: 0.350200 ms CreateObjectMapping: 0.104200 ms MarkObjects: 3.283000 ms  DeleteObjects: 0.116400 ms)

========================================================================
Received Prepare
Refreshing native plugins compatible for Editor in 1.88 ms, found 1 plugins.
Preloading 0 native plugins for Editor in 0.00 ms.
Unloading 10 Unused Serialized files (Serialized files now loaded: 0)
System memory in use before: 53.8 MB.
System memory in use after: 53.8 MB.

Unloading 10 unused Assets to reduce memory usage. Loaded Objects now: 2314.
Total: 7.178300 ms (FindLiveObjects: 0.382800 ms CreateObjectMapping: 0.116900 ms MarkObjects: 6.212100 ms  DeleteObjects: 0.458300 ms)

========================================================================
Received Import Request.
  Time since last request: 527.928685 seconds.
  path: Assets/Asset/Script/Main UI/CustomUIScript.cs
  artifactKey: Guid(0b5b07ee9dfba06428c4e0537ddd2018) Importer(815301076,1909f56bfc062723c751e8b465ee728b)
Start importing Assets/Asset/Script/Main UI/CustomUIScript.cs using Guid(0b5b07ee9dfba06428c4e0537ddd2018) Importer(815301076,1909f56bfc062723c751e8b465ee728b)  -> (artifact id: '15d841434f4fd0321aada9faa5c46843') in 0.015906 seconds
  Import took 0.040271 seconds .

========================================================================
Received Import Request.
  Time since last request: 5072.059031 seconds.
  path: Assets/Asset/Image/title.png
  artifactKey: Guid(426eb6b315e43ea44b106131b8054938) Importer(815301076,1909f56bfc062723c751e8b465ee728b)
Start importing Assets/Asset/Image/title.png using Guid(426eb6b315e43ea44b106131b8054938) Importer(815301076,1909f56bfc062723c751e8b465ee728b)  -> (artifact id: '067a325bc299f24ee810e87e7800e60a') in 0.698668 seconds
  Import took 0.829500 seconds .

========================================================================
Received Import Request.
  Time since last request: 0.008613 seconds.
  path: Assets/Asset/Image/title_example.png
  artifactKey: Guid(0094da014ce354c4fb9a6061a629245a) Importer(815301076,1909f56bfc062723c751e8b465ee728b)
Start importing Assets/Asset/Image/title_example.png using Guid(0094da014ce354c4fb9a6061a629245a) Importer(815301076,1909f56bfc062723c751e8b465ee728b)  -> (artifact id: '315a18268eb6c73508913bde3ffeb95b') in 0.090333 seconds
  Import took 0.116129 seconds .

========================================================================
Received Import Request.
  Time since last request: 36.647782 seconds.
  path: Assets/Asset/Image/title_example.png
  artifactKey: Guid(0094da014ce354c4fb9a6061a629245a) Importer(815301076,1909f56bfc062723c751e8b465ee728b)
Start importing Assets/Asset/Image/title_example.png using Guid(0094da014ce354c4fb9a6061a629245a) Importer(815301076,1909f56bfc062723c751e8b465ee728b)  -> (artifact id: '759d7436dca3bec0e1e3263340a9d70d') in 0.046316 seconds
  Import took 0.074117 seconds .

========================================================================
Received Import Request.
  Time since last request: 10.117145 seconds.
  path: Assets/Asset/Image/title_example.png
  artifactKey: Guid(0094da014ce354c4fb9a6061a629245a) Importer(815301076,1909f56bfc062723c751e8b465ee728b)
Start importing Assets/Asset/Image/title_example.png using Guid(0094da014ce354c4fb9a6061a629245a) Importer(815301076,1909f56bfc062723c751e8b465ee728b)  -> (artifact id: '7f8343fccc4f06c6833f7b47acc3c182') in 0.047563 seconds
  Import took 0.079207 seconds .

========================================================================
Received Import Request.
  Time since last request: 5.409874 seconds.
  path: Assets/Asset/Image/title_example.png
  artifactKey: Guid(0094da014ce354c4fb9a6061a629245a) Importer(815301076,1909f56bfc062723c751e8b465ee728b)
Start importing Assets/Asset/Image/title_example.png using Guid(0094da014ce354c4fb9a6061a629245a) Importer(815301076,1909f56bfc062723c751e8b465ee728b)  -> (artifact id: 'aaad1edb83dd5ef4940eabf1262df4b4') in 0.307519 seconds
  Import took 0.328656 seconds .

========================================================================
Received Import Request.
  Time since last request: 101.695296 seconds.
  path: Assets/Asset/Image/title_exampl2e.png
  artifactKey: Guid(b80b2f493dca0544c954ae6c3b79f44c) Importer(815301076,1909f56bfc062723c751e8b465ee728b)
Start importing Assets/Asset/Image/title_exampl2e.png using Guid(b80b2f493dca0544c954ae6c3b79f44c) Importer(815301076,1909f56bfc062723c751e8b465ee728b)  -> (artifact id: '1722363c448cb68ba91bc9b8593c7cf5') in 0.036325 seconds
  Import took 0.050726 seconds .

========================================================================
Received Import Request.
  Time since last request: 7.875823 seconds.
  path: Assets/Asset/Image/title_exampl2e.png
  artifactKey: Guid(b80b2f493dca0544c954ae6c3b79f44c) Importer(815301076,1909f56bfc062723c751e8b465ee728b)
Start importing Assets/Asset/Image/title_exampl2e.png using Guid(b80b2f493dca0544c954ae6c3b79f44c) Importer(815301076,1909f56bfc062723c751e8b465ee728b)  -> (artifact id: '328483567ef9d07c32069a9753ce05cb') in 0.015608 seconds
  Import took 0.020554 seconds .

========================================================================
Received Import Request.
  Time since last request: 4.606575 seconds.
  path: Assets/Asset/Image/title_exampl2e.png
  artifactKey: Guid(b80b2f493dca0544c954ae6c3b79f44c) Importer(815301076,1909f56bfc062723c751e8b465ee728b)
Start importing Assets/Asset/Image/title_exampl2e.png using Guid(b80b2f493dca0544c954ae6c3b79f44c) Importer(815301076,1909f56bfc062723c751e8b465ee728b)  -> (artifact id: '4c0f88ebc8b292d53044d6d878ad4308') in 0.037019 seconds
  Import took 0.043161 seconds .

========================================================================
Received Import Request.
  Time since last request: 95.957502 seconds.
  path: Assets/Asset/Image/title_example.png
  artifactKey: Guid(0094da014ce354c4fb9a6061a629245a) Importer(815301076,1909f56bfc062723c751e8b465ee728b)
Start importing Assets/Asset/Image/title_example.png using Guid(0094da014ce354c4fb9a6061a629245a) Importer(815301076,1909f56bfc062723c751e8b465ee728b)  -> (artifact id: '7a5f6d705db1bd98c25c1936ae52ca3a') in 0.078456 seconds
  Import took 0.120172 seconds .

========================================================================
Received Import Request.
  Time since last request: 8.953696 seconds.
  path: Assets/Asset/Image/title_example.png
  artifactKey: Guid(0094da014ce354c4fb9a6061a629245a) Importer(815301076,1909f56bfc062723c751e8b465ee728b)
Start importing Assets/Asset/Image/title_example.png using Guid(0094da014ce354c4fb9a6061a629245a) Importer(815301076,1909f56bfc062723c751e8b465ee728b)  -> (artifact id: '0351ab2fc08daaecbf2dad9fd22a122e') in 0.132834 seconds
  Import took 0.138702 seconds .

========================================================================
Received Prepare
Refreshing native plugins compatible for Editor in 7.02 ms, found 1 plugins.
Preloading 0 native plugins for Editor in 0.00 ms.
Unloading 10 Unused Serialized files (Serialized files now loaded: 0)
System memory in use before: 54.0 MB.
System memory in use after: 54.0 MB.

Unloading 10 unused Assets to reduce memory usage. Loaded Objects now: 2340.
Total: 105.158500 ms (FindLiveObjects: 0.571800 ms CreateObjectMapping: 0.158000 ms MarkObjects: 104.250900 ms  DeleteObjects: 0.173300 ms)

========================================================================
Received Prepare
Registering precompiled user dll's ...
Registered in 0.001129 seconds.
Begin MonoManager ReloadAssembly
Native extension for WindowsStandalone target not found
Refreshing native plugins compatible for Editor in 0.52 ms, found 1 plugins.
Preloading 0 native plugins for Editor in 0.00 ms.
Mono: successfully reloaded assembly
- Completed reload, in  4.486 seconds
Platform modules already initialized, skipping
Refreshing native plugins compatible for Editor in 0.70 ms, found 1 plugins.
Preloading 0 native plugins for Editor in 0.00 ms.
Unloading 1832 Unused Serialized files (Serialized files now loaded: 0)
System memory in use before: 88.9 MB.
System memory in use after: 88.9 MB.

Unloading 12 unused Assets to reduce memory usage. Loaded Objects now: 2344.
Total: 4.243900 ms (FindLiveObjects: 0.350400 ms CreateObjectMapping: 0.120300 ms MarkObjects: 3.603600 ms  DeleteObjects: 0.166900 ms)

========================================================================
Received Import Request.
  Time since last request: 378.440981 seconds.
  path: Assets/Scenes/Main Scene.unity
  artifactKey: Guid(31d29c61f1828cd48b8aa1a2a8429388) Importer(815301076,1909f56bfc062723c751e8b465ee728b)
Start importing Assets/Scenes/Main Scene.unity using Guid(31d29c61f1828cd48b8aa1a2a8429388) Importer(815301076,1909f56bfc062723c751e8b465ee728b)  -> (artifact id: '0c0d67141162554e7553815fcd88a096') in 0.050601 seconds
  Import took 0.070881 seconds .

========================================================================
Received Import Request.
  Time since last request: 173.358747 seconds.
  path: Assets/Asset/Script/GameManager.cs
  artifactKey: Guid(e4fa654e36987ee4f9966e958c36ce0c) Importer(815301076,1909f56bfc062723c751e8b465ee728b)
Start importing Assets/Asset/Script/GameManager.cs using Guid(e4fa654e36987ee4f9966e958c36ce0c) Importer(815301076,1909f56bfc062723c751e8b465ee728b)  -> (artifact id: 'c98c94a2e306ad3bf487fadcdb4010a3') in 0.018646 seconds
  Import took 0.039281 seconds .

========================================================================
Received Import Request.
  Time since last request: 0.030011 seconds.
  path: Assets/Asset/Script/GameManager.cs
  artifactKey: Guid(e4fa654e36987ee4f9966e958c36ce0c) Importer(815301076,1909f56bfc062723c751e8b465ee728b)
Start importing Assets/Asset/Script/GameManager.cs using Guid(e4fa654e36987ee4f9966e958c36ce0c) Importer(815301076,1909f56bfc062723c751e8b465ee728b)  -> (artifact id: 'c98c94a2e306ad3bf487fadcdb4010a3') in 0.005784 seconds
  Import took 0.012969 seconds .

========================================================================
Received Prepare
Registering precompiled user dll's ...
Registered in 0.001169 seconds.
Begin MonoManager ReloadAssembly
Native extension for WindowsStandalone target not found
Refreshing native plugins compatible for Editor in 0.51 ms, found 1 plugins.
Preloading 0 native plugins for Editor in 0.00 ms.
Mono: successfully reloaded assembly
- Completed reload, in  1.394 seconds
Platform modules already initialized, skipping
Refreshing native plugins compatible for Editor in 0.46 ms, found 1 plugins.
Preloading 0 native plugins for Editor in 0.00 ms.
Unloading 1832 Unused Serialized files (Serialized files now loaded: 0)
System memory in use before: 89.0 MB.
System memory in use after: 88.9 MB.

Unloading 12 unused Assets to reduce memory usage. Loaded Objects now: 2348.
Total: 4.528100 ms (FindLiveObjects: 0.799600 ms CreateObjectMapping: 0.195500 ms MarkObjects: 3.345700 ms  DeleteObjects: 0.185500 ms)

========================================================================
Received Import Request.
  Time since last request: 181.566589 seconds.
  path: Assets/Asset/Script/Item.cs
  artifactKey: Guid(74869af8f39b2f34ca38af98f4d0435f) Importer(815301076,1909f56bfc062723c751e8b465ee728b)
Start importing Assets/Asset/Script/Item.cs using Guid(74869af8f39b2f34ca38af98f4d0435f) Importer(815301076,1909f56bfc062723c751e8b465ee728b)  -> (artifact id: '545c5a8ceddb90d04bae6b1157437df3') in 0.040093 seconds
  Import took 0.048747 seconds .

========================================================================
Received Import Request.
  Time since last request: 0.113941 seconds.
  path: Assets/Asset/Script/Item.cs
  artifactKey: Guid(74869af8f39b2f34ca38af98f4d0435f) Importer(815301076,1909f56bfc062723c751e8b465ee728b)
Start importing Assets/Asset/Script/Item.cs using Guid(74869af8f39b2f34ca38af98f4d0435f) Importer(815301076,1909f56bfc062723c751e8b465ee728b)  -> (artifact id: '545c5a8ceddb90d04bae6b1157437df3') in 0.006132 seconds
  Import took 0.014886 seconds .

========================================================================
Received Import Request.
  Time since last request: 0.049857 seconds.
  path: Assets/Asset/Script/CameraManager.cs
  artifactKey: Guid(c4aa794766dc80c4a8e451c1ce62ede1) Importer(815301076,1909f56bfc062723c751e8b465ee728b)
Start importing Assets/Asset/Script/CameraManager.cs using Guid(c4aa794766dc80c4a8e451c1ce62ede1) Importer(815301076,1909f56bfc062723c751e8b465ee728b)  -> (artifact id: 'e98b0bbd0cd38fc0e89baae5cf88dc52') in 0.008358 seconds
  Import took 0.011728 seconds .

========================================================================
Received Import Request.
  Time since last request: 0.096142 seconds.
  path: Assets/Asset/Script/CameraManager.cs
  artifactKey: Guid(c4aa794766dc80c4a8e451c1ce62ede1) Importer(815301076,1909f56bfc062723c751e8b465ee728b)
Start importing Assets/Asset/Script/CameraManager.cs using Guid(c4aa794766dc80c4a8e451c1ce62ede1) Importer(815301076,1909f56bfc062723c751e8b465ee728b)  -> (artifact id: 'e98b0bbd0cd38fc0e89baae5cf88dc52') in 0.008932 seconds
  Import took 0.016899 seconds .

========================================================================
Received Import Request.
  Time since last request: 497.931150 seconds.
  path: Assets/Asset/Script/GameManager.cs
  artifactKey: Guid(e4fa654e36987ee4f9966e958c36ce0c) Importer(815301076,1909f56bfc062723c751e8b465ee728b)
Start importing Assets/Asset/Script/GameManager.cs using Guid(e4fa654e36987ee4f9966e958c36ce0c) Importer(815301076,1909f56bfc062723c751e8b465ee728b)  -> (artifact id: '251fadf510dbdfa4d5ba70491839ac87') in 0.005250 seconds
  Import took 0.013485 seconds .

========================================================================
Received Prepare
Registering precompiled user dll's ...
Registered in 0.001168 seconds.
Begin MonoManager ReloadAssembly
Native extension for WindowsStandalone target not found
Refreshing native plugins compatible for Editor in 0.56 ms, found 1 plugins.
Preloading 0 native plugins for Editor in 0.00 ms.
Mono: successfully reloaded assembly
- Completed reload, in  1.186 seconds
Platform modules already initialized, skipping
Refreshing native plugins compatible for Editor in 0.52 ms, found 1 plugins.
Preloading 0 native plugins for Editor in 0.00 ms.
Unloading 1832 Unused Serialized files (Serialized files now loaded: 0)
System memory in use before: 89.0 MB.
System memory in use after: 89.0 MB.

Unloading 12 unused Assets to reduce memory usage. Loaded Objects now: 2352.
Total: 3.359900 ms (FindLiveObjects: 0.291500 ms CreateObjectMapping: 0.094800 ms MarkObjects: 2.802600 ms  DeleteObjects: 0.169200 ms)

========================================================================
Received Prepare
Registering precompiled user dll's ...
Registered in 0.001169 seconds.
Begin MonoManager ReloadAssembly
Native extension for WindowsStandalone target not found
Refreshing native plugins compatible for Editor in 0.42 ms, found 1 plugins.
Preloading 0 native plugins for Editor in 0.00 ms.
Mono: successfully reloaded assembly
- Completed reload, in  1.360 seconds
Platform modules already initialized, skipping
Refreshing native plugins compatible for Editor in 0.43 ms, found 1 plugins.
Preloading 0 native plugins for Editor in 0.00 ms.
Unloading 1832 Unused Serialized files (Serialized files now loaded: 0)
System memory in use before: 89.0 MB.
System memory in use after: 89.0 MB.

Unloading 12 unused Assets to reduce memory usage. Loaded Objects now: 2356.
Total: 4.437300 ms (FindLiveObjects: 0.322500 ms CreateObjectMapping: 0.105100 ms MarkObjects: 3.833900 ms  DeleteObjects: 0.173800 ms)

========================================================================
Received Import Request.
  Time since last request: 112.329861 seconds.
  path: Assets/Asset/Script/GameOver.cs
  artifactKey: Guid(86d7aca338522e04e98300e2eebe2c7c) Importer(815301076,1909f56bfc062723c751e8b465ee728b)
Start importing Assets/Asset/Script/GameOver.cs using Guid(86d7aca338522e04e98300e2eebe2c7c) Importer(815301076,1909f56bfc062723c751e8b465ee728b)  -> (artifact id: '5253474a6836a1f7a406dea608191f72') in 0.017871 seconds
  Import took 0.022472 seconds .

========================================================================
Received Prepare
Registering precompiled user dll's ...
Registered in 0.001891 seconds.
Begin MonoManager ReloadAssembly
Native extension for WindowsStandalone target not found
Refreshing native plugins compatible for Editor in 0.77 ms, found 1 plugins.
Preloading 0 native plugins for Editor in 0.00 ms.
Mono: successfully reloaded assembly
- Completed reload, in  1.154 seconds
Platform modules already initialized, skipping
Refreshing native plugins compatible for Editor in 0.67 ms, found 1 plugins.
Preloading 0 native plugins for Editor in 0.00 ms.
Unloading 1833 Unused Serialized files (Serialized files now loaded: 0)
System memory in use before: 89.0 MB.
System memory in use after: 89.0 MB.

Unloading 12 unused Assets to reduce memory usage. Loaded Objects now: 2361.
Total: 2.926500 ms (FindLiveObjects: 0.226800 ms CreateObjectMapping: 0.049000 ms MarkObjects: 2.518100 ms  DeleteObjects: 0.130900 ms)

========================================================================
Received Import Request.
  Time since last request: 10.024210 seconds.
  path: Assets/Asset/Script/GameClear.cs
  artifactKey: Guid(c18c791726804ed4e99575c9241ec6bc) Importer(815301076,1909f56bfc062723c751e8b465ee728b)
Start importing Assets/Asset/Script/GameClear.cs using Guid(c18c791726804ed4e99575c9241ec6bc) Importer(815301076,1909f56bfc062723c751e8b465ee728b)  -> (artifact id: 'f3ec4945afd675e677a6971216511a3b') in 0.015108 seconds
  Import took 0.020520 seconds .

========================================================================
Received Prepare
Registering precompiled user dll's ...
Registered in 0.001091 seconds.
Begin MonoManager ReloadAssembly
Native extension for WindowsStandalone target not found
Refreshing native plugins compatible for Editor in 0.42 ms, found 1 plugins.
Preloading 0 native plugins for Editor in 0.00 ms.
Mono: successfully reloaded assembly
- Completed reload, in  1.126 seconds
Platform modules already initialized, skipping
Refreshing native plugins compatible for Editor in 0.43 ms, found 1 plugins.
Preloading 0 native plugins for Editor in 0.00 ms.
Unloading 1834 Unused Serialized files (Serialized files now loaded: 0)
System memory in use before: 89.1 MB.
System memory in use after: 89.1 MB.

Unloading 12 unused Assets to reduce memory usage. Loaded Objects now: 2366.
Total: 2.663300 ms (FindLiveObjects: 0.236000 ms CreateObjectMapping: 0.051900 ms MarkObjects: 2.235500 ms  DeleteObjects: 0.138300 ms)

========================================================================
Received Prepare
Registering precompiled user dll's ...
Registered in 0.001660 seconds.
Begin MonoManager ReloadAssembly
Native extension for WindowsStandalone target not found
Refreshing native plugins compatible for Editor in 0.44 ms, found 1 plugins.
Preloading 0 native plugins for Editor in 0.00 ms.
Mono: successfully reloaded assembly
- Completed reload, in  1.118 seconds
Platform modules already initialized, skipping
Refreshing native plugins compatible for Editor in 0.42 ms, found 1 plugins.
Preloading 0 native plugins for Editor in 0.00 ms.
Unloading 1834 Unused Serialized files (Serialized files now loaded: 0)
System memory in use before: 89.1 MB.
System memory in use after: 89.1 MB.

Unloading 12 unused Assets to reduce memory usage. Loaded Objects now: 2370.
Total: 4.471100 ms (FindLiveObjects: 0.300300 ms CreateObjectMapping: 0.059300 ms MarkObjects: 3.693400 ms  DeleteObjects: 0.416200 ms)

========================================================================
Received Import Request.
  Time since last request: 95.435525 seconds.
  path: Assets/Asset/Script/GameClear.cs
  artifactKey: Guid(c18c791726804ed4e99575c9241ec6bc) Importer(815301076,1909f56bfc062723c751e8b465ee728b)
Start importing Assets/Asset/Script/GameClear.cs using Guid(c18c791726804ed4e99575c9241ec6bc) Importer(815301076,1909f56bfc062723c751e8b465ee728b)  -> (artifact id: 'a326c5a60e3b7a77560008b53b210b89') in 0.008262 seconds
  Import took 0.012670 seconds .

========================================================================
Received Prepare
Registering precompiled user dll's ...
Registered in 0.001689 seconds.
Begin MonoManager ReloadAssembly
Native extension for WindowsStandalone target not found
Refreshing native plugins compatible for Editor in 0.82 ms, found 1 plugins.
Preloading 0 native plugins for Editor in 0.00 ms.
Mono: successfully reloaded assembly
- Completed reload, in  1.454 seconds
Platform modules already initialized, skipping
Refreshing native plugins compatible for Editor in 0.42 ms, found 1 plugins.
Preloading 0 native plugins for Editor in 0.00 ms.
Unloading 1832 Unused Serialized files (Serialized files now loaded: 0)
System memory in use before: 89.1 MB.
System memory in use after: 89.0 MB.

Unloading 14 unused Assets to reduce memory usage. Loaded Objects now: 2372.
Total: 3.167500 ms (FindLiveObjects: 0.420000 ms CreateObjectMapping: 0.153700 ms MarkObjects: 2.392500 ms  DeleteObjects: 0.200000 ms)

========================================================================
Received Prepare
Registering precompiled user dll's ...
Registered in 0.001603 seconds.
Begin MonoManager ReloadAssembly
Native extension for WindowsStandalone target not found
Refreshing native plugins compatible for Editor in 0.86 ms, found 1 plugins.
Preloading 0 native plugins for Editor in 0.00 ms.
Mono: successfully reloaded assembly
- Completed reload, in  1.186 seconds
Platform modules already initialized, skipping
Refreshing native plugins compatible for Editor in 0.41 ms, found 1 plugins.
Preloading 0 native plugins for Editor in 0.00 ms.
Unloading 1832 Unused Serialized files (Serialized files now loaded: 0)
System memory in use before: 89.1 MB.
System memory in use after: 89.0 MB.

Unloading 12 unused Assets to reduce memory usage. Loaded Objects now: 2376.
Total: 2.532900 ms (FindLiveObjects: 0.246100 ms CreateObjectMapping: 0.050500 ms MarkObjects: 2.108100 ms  DeleteObjects: 0.126700 ms)

========================================================================
Received Prepare
Registering precompiled user dll's ...
Registered in 0.001078 seconds.
Begin MonoManager ReloadAssembly
Native extension for WindowsStandalone target not found
Refreshing native plugins compatible for Editor in 0.75 ms, found 1 plugins.
Preloading 0 native plugins for Editor in 0.00 ms.
Mono: successfully reloaded assembly
- Completed reload, in  1.118 seconds
Platform modules already initialized, skipping
Refreshing native plugins compatible for Editor in 0.66 ms, found 1 plugins.
Preloading 0 native plugins for Editor in 0.00 ms.
Unloading 1832 Unused Serialized files (Serialized files now loaded: 0)
System memory in use before: 89.1 MB.
System memory in use after: 89.1 MB.

Unloading 12 unused Assets to reduce memory usage. Loaded Objects now: 2380.
Total: 2.364300 ms (FindLiveObjects: 0.237100 ms CreateObjectMapping: 0.050700 ms MarkObjects: 1.954500 ms  DeleteObjects: 0.120700 ms)

========================================================================
Received Prepare
Registering precompiled user dll's ...
Registered in 0.001219 seconds.
Begin MonoManager ReloadAssembly
Native extension for WindowsStandalone target not found
Refreshing native plugins compatible for Editor in 0.47 ms, found 1 plugins.
Preloading 0 native plugins for Editor in 0.00 ms.
Mono: successfully reloaded assembly
- Completed reload, in  1.034 seconds
Platform modules already initialized, skipping
Refreshing native plugins compatible for Editor in 0.45 ms, found 1 plugins.
Preloading 0 native plugins for Editor in 0.00 ms.
Unloading 1832 Unused Serialized files (Serialized files now loaded: 0)
System memory in use before: 89.1 MB.
System memory in use after: 89.1 MB.

Unloading 12 unused Assets to reduce memory usage. Loaded Objects now: 2384.
Total: 4.754600 ms (FindLiveObjects: 0.396800 ms CreateObjectMapping: 0.134200 ms MarkObjects: 3.976200 ms  DeleteObjects: 0.244200 ms)

========================================================================
Received Prepare
Registering precompiled user dll's ...
Registered in 0.001142 seconds.
Begin MonoManager ReloadAssembly
Native extension for WindowsStandalone target not found
Refreshing native plugins compatible for Editor in 0.46 ms, found 1 plugins.
Preloading 0 native plugins for Editor in 0.00 ms.
Mono: successfully reloaded assembly
- Completed reload, in  1.223 seconds
Platform modules already initialized, skipping
Refreshing native plugins compatible for Editor in 0.55 ms, found 1 plugins.
Preloading 0 native plugins for Editor in 0.00 ms.
Unloading 1832 Unused Serialized files (Serialized files now loaded: 0)
System memory in use before: 89.1 MB.
System memory in use after: 89.1 MB.

Unloading 12 unused Assets to reduce memory usage. Loaded Objects now: 2388.
Total: 3.102100 ms (FindLiveObjects: 0.273600 ms CreateObjectMapping: 0.091700 ms MarkObjects: 2.566800 ms  DeleteObjects: 0.168400 ms)

========================================================================
Received Prepare
Registering precompiled user dll's ...
Registered in 0.001414 seconds.
Begin MonoManager ReloadAssembly
Native extension for WindowsStandalone target not found
Refreshing native plugins compatible for Editor in 0.76 ms, found 1 plugins.
Preloading 0 native plugins for Editor in 0.00 ms.
Mono: successfully reloaded assembly
- Completed reload, in  1.378 seconds
Platform modules already initialized, skipping
Refreshing native plugins compatible for Editor in 0.48 ms, found 1 plugins.
Preloading 0 native plugins for Editor in 0.00 ms.
Unloading 1832 Unused Serialized files (Serialized files now loaded: 0)
System memory in use before: 89.1 MB.
System memory in use after: 89.1 MB.

Unloading 12 unused Assets to reduce memory usage. Loaded Objects now: 2392.
Total: 3.832900 ms (FindLiveObjects: 0.358200 ms CreateObjectMapping: 0.150800 ms MarkObjects: 3.130600 ms  DeleteObjects: 0.191200 ms)

========================================================================
Received Prepare
Registering precompiled user dll's ...
Registered in 0.002335 seconds.
Begin MonoManager ReloadAssembly
Native extension for WindowsStandalone target not found
Refreshing native plugins compatible for Editor in 0.59 ms, found 1 plugins.
Preloading 0 native plugins for Editor in 0.00 ms.
Mono: successfully reloaded assembly
- Completed reload, in  1.154 seconds
Platform modules already initialized, skipping
Refreshing native plugins compatible for Editor in 0.45 ms, found 1 plugins.
Preloading 0 native plugins for Editor in 0.00 ms.
Unloading 1832 Unused Serialized files (Serialized files now loaded: 0)
System memory in use before: 89.1 MB.
System memory in use after: 89.1 MB.

Unloading 12 unused Assets to reduce memory usage. Loaded Objects now: 2396.
Total: 3.289000 ms (FindLiveObjects: 0.266600 ms CreateObjectMapping: 0.109200 ms MarkObjects: 2.762100 ms  DeleteObjects: 0.149400 ms)

========================================================================
Received Prepare
Registering precompiled user dll's ...
Registered in 0.001739 seconds.
Begin MonoManager ReloadAssembly
Native extension for WindowsStandalone target not found
Refreshing native plugins compatible for Editor in 0.43 ms, found 1 plugins.
Preloading 0 native plugins for Editor in 0.00 ms.
Mono: successfully reloaded assembly
- Completed reload, in  0.997 seconds
Platform modules already initialized, skipping
Refreshing native plugins compatible for Editor in 0.64 ms, found 1 plugins.
Preloading 0 native plugins for Editor in 0.00 ms.
Unloading 1832 Unused Serialized files (Serialized files now loaded: 0)
System memory in use before: 89.1 MB.
System memory in use after: 89.1 MB.

Unloading 12 unused Assets to reduce memory usage. Loaded Objects now: 2400.
Total: 2.469100 ms (FindLiveObjects: 0.243900 ms CreateObjectMapping: 0.093100 ms MarkObjects: 2.005300 ms  DeleteObjects: 0.125500 ms)

========================================================================
Received Prepare
Registering precompiled user dll's ...
Registered in 0.001170 seconds.
Begin MonoManager ReloadAssembly
Native extension for WindowsStandalone target not found
Refreshing native plugins compatible for Editor in 0.45 ms, found 1 plugins.
Preloading 0 native plugins for Editor in 0.00 ms.
Mono: successfully reloaded assembly
- Completed reload, in  1.060 seconds
Platform modules already initialized, skipping
Refreshing native plugins compatible for Editor in 0.64 ms, found 1 plugins.
Preloading 0 native plugins for Editor in 0.00 ms.
Unloading 1832 Unused Serialized files (Serialized files now loaded: 0)
System memory in use before: 89.1 MB.
System memory in use after: 89.1 MB.

Unloading 12 unused Assets to reduce memory usage. Loaded Objects now: 2404.
Total: 2.804000 ms (FindLiveObjects: 0.344700 ms CreateObjectMapping: 0.145000 ms MarkObjects: 2.180800 ms  DeleteObjects: 0.131800 ms)

========================================================================
Received Prepare
Registering precompiled user dll's ...
Registered in 0.001181 seconds.
Begin MonoManager ReloadAssembly
Native extension for WindowsStandalone target not found
Refreshing native plugins compatible for Editor in 0.50 ms, found 1 plugins.
Preloading 0 native plugins for Editor in 0.00 ms.
Mono: successfully reloaded assembly
- Completed reload, in  1.096 seconds
Platform modules already initialized, skipping
Refreshing native plugins compatible for Editor in 0.68 ms, found 1 plugins.
Preloading 0 native plugins for Editor in 0.00 ms.
Unloading 1832 Unused Serialized files (Serialized files now loaded: 0)
System memory in use before: 89.1 MB.
System memory in use after: 89.1 MB.

Unloading 12 unused Assets to reduce memory usage. Loaded Objects now: 2408.
Total: 2.594100 ms (FindLiveObjects: 0.242000 ms CreateObjectMapping: 0.054200 ms MarkObjects: 2.156600 ms  DeleteObjects: 0.139700 ms)

========================================================================
Received Prepare
Registering precompiled user dll's ...
Registered in 0.001075 seconds.
Begin MonoManager ReloadAssembly
Native extension for WindowsStandalone target not found
Refreshing native plugins compatible for Editor in 0.84 ms, found 1 plugins.
Preloading 0 native plugins for Editor in 0.00 ms.
Mono: successfully reloaded assembly
- Completed reload, in  1.071 seconds
Platform modules already initialized, skipping
Refreshing native plugins compatible for Editor in 0.46 ms, found 1 plugins.
Preloading 0 native plugins for Editor in 0.00 ms.
Unloading 1832 Unused Serialized files (Serialized files now loaded: 0)
System memory in use before: 89.1 MB.
System memory in use after: 89.1 MB.

Unloading 12 unused Assets to reduce memory usage. Loaded Objects now: 2412.
Total: 2.431700 ms (FindLiveObjects: 0.245100 ms CreateObjectMapping: 0.064900 ms MarkObjects: 2.001500 ms  DeleteObjects: 0.119100 ms)

========================================================================
Received Prepare
Registering precompiled user dll's ...
Registered in 0.001440 seconds.
Begin MonoManager ReloadAssembly
Native extension for WindowsStandalone target not found
Refreshing native plugins compatible for Editor in 0.42 ms, found 1 plugins.
Preloading 0 native plugins for Editor in 0.00 ms.
Mono: successfully reloaded assembly
- Completed reload, in  1.083 seconds
Platform modules already initialized, skipping
Refreshing native plugins compatible for Editor in 0.44 ms, found 1 plugins.
Preloading 0 native plugins for Editor in 0.00 ms.
Unloading 1832 Unused Serialized files (Serialized files now loaded: 0)
System memory in use before: 89.2 MB.
System memory in use after: 89.1 MB.

Unloading 12 unused Assets to reduce memory usage. Loaded Objects now: 2416.
Total: 2.441000 ms (FindLiveObjects: 0.241200 ms CreateObjectMapping: 0.050400 ms MarkObjects: 2.024300 ms  DeleteObjects: 0.123600 ms)

========================================================================
Received Prepare
Registering precompiled user dll's ...
Registered in 0.001095 seconds.
Begin MonoManager ReloadAssembly
Native extension for WindowsStandalone target not found
Refreshing native plugins compatible for Editor in 0.43 ms, found 1 plugins.
Preloading 0 native plugins for Editor in 0.00 ms.
Mono: successfully reloaded assembly
- Completed reload, in  1.080 seconds
Platform modules already initialized, skipping
Refreshing native plugins compatible for Editor in 0.41 ms, found 1 plugins.
Preloading 0 native plugins for Editor in 0.00 ms.
Unloading 1832 Unused Serialized files (Serialized files now loaded: 0)
System memory in use before: 89.2 MB.
System memory in use after: 89.1 MB.

Unloading 12 unused Assets to reduce memory usage. Loaded Objects now: 2420.
Total: 2.436900 ms (FindLiveObjects: 0.242900 ms CreateObjectMapping: 0.063900 ms MarkObjects: 2.005900 ms  DeleteObjects: 0.122700 ms)

========================================================================
Received Prepare
Registering precompiled user dll's ...
Registered in 0.001145 seconds.
Begin MonoManager ReloadAssembly
Native extension for WindowsStandalone target not found
Refreshing native plugins compatible for Editor in 0.43 ms, found 1 plugins.
Preloading 0 native plugins for Editor in 0.00 ms.
Mono: successfully reloaded assembly
- Completed reload, in  1.087 seconds
Platform modules already initialized, skipping
Refreshing native plugins compatible for Editor in 0.59 ms, found 1 plugins.
Preloading 0 native plugins for Editor in 0.00 ms.
Unloading 1832 Unused Serialized files (Serialized files now loaded: 0)
System memory in use before: 89.2 MB.
System memory in use after: 89.1 MB.

Unloading 12 unused Assets to reduce memory usage. Loaded Objects now: 2424.
Total: 3.924900 ms (FindLiveObjects: 0.389300 ms CreateObjectMapping: 0.134200 ms MarkObjects: 3.201700 ms  DeleteObjects: 0.197900 ms)

========================================================================
Received Prepare
Registering precompiled user dll's ...
Registered in 0.001102 seconds.
Begin MonoManager ReloadAssembly
Native extension for WindowsStandalone target not found
Refreshing native plugins compatible for Editor in 0.47 ms, found 1 plugins.
Preloading 0 native plugins for Editor in 0.00 ms.
Mono: successfully reloaded assembly
- Completed reload, in  1.044 seconds
Platform modules already initialized, skipping
Refreshing native plugins compatible for Editor in 0.43 ms, found 1 plugins.
Preloading 0 native plugins for Editor in 0.00 ms.
Unloading 1832 Unused Serialized files (Serialized files now loaded: 0)
System memory in use before: 89.2 MB.
System memory in use after: 89.2 MB.

Unloading 12 unused Assets to reduce memory usage. Loaded Objects now: 2428.
Total: 2.422600 ms (FindLiveObjects: 0.249500 ms CreateObjectMapping: 0.058200 ms MarkObjects: 1.983200 ms  DeleteObjects: 0.130600 ms)

========================================================================
Received Prepare
Registering precompiled user dll's ...
Registered in 0.001267 seconds.
Begin MonoManager ReloadAssembly
Native extension for WindowsStandalone target not found
Refreshing native plugins compatible for Editor in 0.47 ms, found 1 plugins.
Preloading 0 native plugins for Editor in 0.00 ms.
Mono: successfully reloaded assembly
- Completed reload, in  1.436 seconds
Platform modules already initialized, skipping
Refreshing native plugins compatible for Editor in 0.50 ms, found 1 plugins.
Preloading 0 native plugins for Editor in 0.00 ms.
Unloading 1832 Unused Serialized files (Serialized files now loaded: 0)
System memory in use before: 89.2 MB.
System memory in use after: 89.2 MB.

Unloading 12 unused Assets to reduce memory usage. Loaded Objects now: 2432.
Total: 2.979000 ms (FindLiveObjects: 0.284000 ms CreateObjectMapping: 0.068700 ms MarkObjects: 2.481600 ms  DeleteObjects: 0.142700 ms)

========================================================================
Received Import Request.
  Time since last request: 2491.879086 seconds.
  path: Assets/Asset/Image/title_example.png
  artifactKey: Guid(0094da014ce354c4fb9a6061a629245a) Importer(815301076,1909f56bfc062723c751e8b465ee728b)
Start importing Assets/Asset/Image/title_example.png using Guid(0094da014ce354c4fb9a6061a629245a) Importer(815301076,1909f56bfc062723c751e8b465ee728b)  -> (artifact id: '0e247672f72ff82d554e77a94bf0d313') in 0.153373 seconds
  Import took 0.161569 seconds .

========================================================================
Received Import Request.
  Time since last request: 15.365289 seconds.
  path: Assets/Asset/Image/title_example.png
  artifactKey: Guid(0094da014ce354c4fb9a6061a629245a) Importer(815301076,1909f56bfc062723c751e8b465ee728b)
Start importing Assets/Asset/Image/title_example.png using Guid(0094da014ce354c4fb9a6061a629245a) Importer(815301076,1909f56bfc062723c751e8b465ee728b)  -> (artifact id: '52f6c37d0afddc1000e339d7f6e07ed3') in 0.128217 seconds
  Import took 0.132205 seconds .

========================================================================
Received Import Request.
  Time since last request: 30.730085 seconds.
  path: Assets/Asset/Image/title_example.png
  artifactKey: Guid(0094da014ce354c4fb9a6061a629245a) Importer(815301076,1909f56bfc062723c751e8b465ee728b)
Start importing Assets/Asset/Image/title_example.png using Guid(0094da014ce354c4fb9a6061a629245a) Importer(815301076,1909f56bfc062723c751e8b465ee728b)  -> (artifact id: '56002145b029728f690e85d7845f66a4') in 0.057009 seconds
  Import took 0.061264 seconds .

========================================================================
Received Import Request.
  Time since last request: 6.356819 seconds.
  path: Assets/Asset/Image/title_example.png
  artifactKey: Guid(0094da014ce354c4fb9a6061a629245a) Importer(815301076,1909f56bfc062723c751e8b465ee728b)
Start importing Assets/Asset/Image/title_example.png using Guid(0094da014ce354c4fb9a6061a629245a) Importer(815301076,1909f56bfc062723c751e8b465ee728b)  -> (artifact id: 'e677ec487e0a1e7e2c5e7c1120add41e') in 0.065555 seconds
  Import took 0.070599 seconds .

========================================================================
Received Import Request.
  Time since last request: 308.625027 seconds.
  path: Assets/Asset/Fonts
  artifactKey: Guid(27fc55968d0c17943a1476b12b1b818f) Importer(815301076,1909f56bfc062723c751e8b465ee728b)
Start importing Assets/Asset/Fonts using Guid(27fc55968d0c17943a1476b12b1b818f) Importer(815301076,1909f56bfc062723c751e8b465ee728b)  -> (artifact id: '31f9dd29b40c644522a27f08818b0dfd') in 0.011028 seconds
  Import took 0.017539 seconds .

========================================================================
Received Import Request.
  Time since last request: 51.494410 seconds.
  path: Assets/Asset/Fonts/BaskinRobbins.ttf
  artifactKey: Guid(334052ae63e40d64f8e4b5a111712111) Importer(815301076,1909f56bfc062723c751e8b465ee728b)
Start importing Assets/Asset/Fonts/BaskinRobbins.ttf using Guid(334052ae63e40d64f8e4b5a111712111) Importer(815301076,1909f56bfc062723c751e8b465ee728b)  -> (artifact id: '5a3090c2dabb73dffba86e0ec67e43a7') in 0.452153 seconds
  Import took 0.459388 seconds .

========================================================================
Received Prepare
Registering precompiled user dll's ...
Registered in 0.001935 seconds.
Begin MonoManager ReloadAssembly
Native extension for WindowsStandalone target not found
Refreshing native plugins compatible for Editor in 0.54 ms, found 1 plugins.
Preloading 0 native plugins for Editor in 0.00 ms.
Mono: successfully reloaded assembly
- Completed reload, in  1.151 seconds
Platform modules already initialized, skipping
Refreshing native plugins compatible for Editor in 0.42 ms, found 1 plugins.
Preloading 0 native plugins for Editor in 0.00 ms.
Unloading 1832 Unused Serialized files (Serialized files now loaded: 0)
System memory in use before: 89.5 MB.
System memory in use after: 89.5 MB.

Unloading 12 unused Assets to reduce memory usage. Loaded Objects now: 2474.
Total: 3.066200 ms (FindLiveObjects: 0.247500 ms CreateObjectMapping: 0.051400 ms MarkObjects: 2.636700 ms  DeleteObjects: 0.128800 ms)

========================================================================
Received Prepare
Registering precompiled user dll's ...
Registered in 0.001089 seconds.
Begin MonoManager ReloadAssembly
Native extension for WindowsStandalone target not found
Refreshing native plugins compatible for Editor in 0.52 ms, found 1 plugins.
Preloading 0 native plugins for Editor in 0.00 ms.
Mono: successfully reloaded assembly
- Completed reload, in  1.581 seconds
Platform modules already initialized, skipping
Refreshing native plugins compatible for Editor in 0.45 ms, found 1 plugins.
Preloading 0 native plugins for Editor in 0.00 ms.
Unloading 1832 Unused Serialized files (Serialized files now loaded: 0)
System memory in use before: 89.5 MB.
System memory in use after: 89.5 MB.

Unloading 12 unused Assets to reduce memory usage. Loaded Objects now: 2478.
Total: 3.772400 ms (FindLiveObjects: 0.411700 ms CreateObjectMapping: 0.131100 ms MarkObjects: 3.050600 ms  DeleteObjects: 0.176200 ms)

========================================================================
Received Import Request.
  Time since last request: 505.349880 seconds.
  path: Assets/Asset/Prefab/ButtonRetry.prefab
  artifactKey: Guid(bc0d24f344749b14aa103f5a2fe4b92d) Importer(815301076,1909f56bfc062723c751e8b465ee728b)
Start importing Assets/Asset/Prefab/ButtonRetry.prefab using Guid(bc0d24f344749b14aa103f5a2fe4b92d) Importer(815301076,1909f56bfc062723c751e8b465ee728b)  -> (artifact id: '0bee4b7b46d2028c856c66126d30a66b') in 0.061128 seconds
  Import took 0.068542 seconds .

========================================================================
Received Import Request.
  Time since last request: 13.434413 seconds.
  path: Assets/Asset/Prefab/ButtonRetry.prefab
  artifactKey: Guid(bc0d24f344749b14aa103f5a2fe4b92d) Importer(815301076,1909f56bfc062723c751e8b465ee728b)
Start importing Assets/Asset/Prefab/ButtonRetry.prefab using Guid(bc0d24f344749b14aa103f5a2fe4b92d) Importer(815301076,1909f56bfc062723c751e8b465ee728b)  -> (artifact id: '74cb027512c35726ffc8fbee69810b74') in 0.011205 seconds
  Import took 0.017610 seconds .

========================================================================
Received Import Request.
  Time since last request: 0.026033 seconds.
  path: Assets/Asset/Prefab/ButtonRetry.prefab
  artifactKey: Guid(bc0d24f344749b14aa103f5a2fe4b92d) Importer(815301076,1909f56bfc062723c751e8b465ee728b)
Start importing Assets/Asset/Prefab/ButtonRetry.prefab using Guid(bc0d24f344749b14aa103f5a2fe4b92d) Importer(815301076,1909f56bfc062723c751e8b465ee728b)  -> (artifact id: '74cb027512c35726ffc8fbee69810b74') in 0.010372 seconds
  Import took 0.014438 seconds .

========================================================================
Received Import Request.
  Time since last request: 5.855433 seconds.
  path: Assets/Asset/Prefab/Button.prefab
  artifactKey: Guid(bc0d24f344749b14aa103f5a2fe4b92d) Importer(815301076,1909f56bfc062723c751e8b465ee728b)
Start importing Assets/Asset/Prefab/Button.prefab using Guid(bc0d24f344749b14aa103f5a2fe4b92d) Importer(815301076,1909f56bfc062723c751e8b465ee728b)  -> (artifact id: '9645005c6ed03ea4306e3978f75d96d6') in 0.024344 seconds
  Import took 0.031913 seconds .

========================================================================
Received Import Request.
  Time since last request: 20.075294 seconds.
  path: Assets/Asset/Prefab/ButtonRetry (1).prefab
  artifactKey: Guid(47f4eeef80492f8428944d9f07068499) Importer(815301076,1909f56bfc062723c751e8b465ee728b)
Start importing Assets/Asset/Prefab/ButtonRetry (1).prefab using Guid(47f4eeef80492f8428944d9f07068499) Importer(815301076,1909f56bfc062723c751e8b465ee728b)  -> (artifact id: 'f332a5fde8c1860884f8ff38cad59cd7') in 0.021267 seconds
  Import took 0.027130 seconds .

========================================================================
Received Import Request.
  Time since last request: 0.007076 seconds.
  path: Assets/Asset/Prefab/ButtonRetry (1).prefab
  artifactKey: Guid(47f4eeef80492f8428944d9f07068499) Importer(815301076,1909f56bfc062723c751e8b465ee728b)
Start importing Assets/Asset/Prefab/ButtonRetry (1).prefab using Guid(47f4eeef80492f8428944d9f07068499) Importer(815301076,1909f56bfc062723c751e8b465ee728b)  -> (artifact id: 'f332a5fde8c1860884f8ff38cad59cd7') in 0.007433 seconds
  Import took 0.013942 seconds .

========================================================================
Received Prepare
Registering precompiled user dll's ...
Registered in 0.001612 seconds.
Begin MonoManager ReloadAssembly
Native extension for WindowsStandalone target not found
Refreshing native plugins compatible for Editor in 0.59 ms, found 1 plugins.
Preloading 0 native plugins for Editor in 0.00 ms.
Mono: successfully reloaded assembly
- Completed reload, in  1.259 seconds
Platform modules already initialized, skipping
Refreshing native plugins compatible for Editor in 0.42 ms, found 1 plugins.
Preloading 0 native plugins for Editor in 0.00 ms.
Unloading 1832 Unused Serialized files (Serialized files now loaded: 0)
System memory in use before: 89.5 MB.
System memory in use after: 89.5 MB.

Unloading 12 unused Assets to reduce memory usage. Loaded Objects now: 2482.
Total: 3.040600 ms (FindLiveObjects: 0.392700 ms CreateObjectMapping: 0.109900 ms MarkObjects: 2.382600 ms  DeleteObjects: 0.153400 ms)

========================================================================
Received Import Request.
  Time since last request: 49.038052 seconds.
  path: Assets/Asset/Prefab/ButtonExample.prefab
  artifactKey: Guid(47f4eeef80492f8428944d9f07068499) Importer(815301076,1909f56bfc062723c751e8b465ee728b)
Start importing Assets/Asset/Prefab/ButtonExample.prefab using Guid(47f4eeef80492f8428944d9f07068499) Importer(815301076,1909f56bfc062723c751e8b465ee728b)  -> (artifact id: '2550c55c2b896670e2aa60e6d6186b63') in 0.058569 seconds
  Import took 0.062228 seconds .

========================================================================
Received Prepare
Registering precompiled user dll's ...
Registered in 0.001842 seconds.
Begin MonoManager ReloadAssembly
Native extension for WindowsStandalone target not found
Refreshing native plugins compatible for Editor in 0.42 ms, found 1 plugins.
Preloading 0 native plugins for Editor in 0.00 ms.
Mono: successfully reloaded assembly
- Completed reload, in  1.252 seconds
Platform modules already initialized, skipping
Refreshing native plugins compatible for Editor in 0.44 ms, found 1 plugins.
Preloading 0 native plugins for Editor in 0.00 ms.
Unloading 1832 Unused Serialized files (Serialized files now loaded: 0)
System memory in use before: 89.6 MB.
System memory in use after: 89.5 MB.

Unloading 12 unused Assets to reduce memory usage. Loaded Objects now: 2486.
Total: 2.894400 ms (FindLiveObjects: 0.431500 ms CreateObjectMapping: 0.150100 ms MarkObjects: 2.175700 ms  DeleteObjects: 0.134700 ms)

========================================================================
Received Prepare
Registering precompiled user dll's ...
Registered in 0.001148 seconds.
Begin MonoManager ReloadAssembly
Native extension for WindowsStandalone target not found
Refreshing native plugins compatible for Editor in 0.56 ms, found 1 plugins.
Preloading 0 native plugins for Editor in 0.00 ms.
Mono: successfully reloaded assembly
- Completed reload, in  1.074 seconds
Platform modules already initialized, skipping
Refreshing native plugins compatible for Editor in 0.42 ms, found 1 plugins.
Preloading 0 native plugins for Editor in 0.00 ms.
Unloading 1832 Unused Serialized files (Serialized files now loaded: 0)
System memory in use before: 89.6 MB.
System memory in use after: 89.5 MB.

Unloading 12 unused Assets to reduce memory usage. Loaded Objects now: 2490.
Total: 3.133600 ms (FindLiveObjects: 0.255000 ms CreateObjectMapping: 0.060100 ms MarkObjects: 2.683800 ms  DeleteObjects: 0.133000 ms)

========================================================================
Received Prepare
Registering precompiled user dll's ...
Registered in 0.001177 seconds.
Begin MonoManager ReloadAssembly
Native extension for WindowsStandalone target not found
Refreshing native plugins compatible for Editor in 0.42 ms, found 1 plugins.
Preloading 0 native plugins for Editor in 0.00 ms.
Mono: successfully reloaded assembly
- Completed reload, in  1.153 seconds
Platform modules already initialized, skipping
Refreshing native plugins compatible for Editor in 0.61 ms, found 1 plugins.
Preloading 0 native plugins for Editor in 0.00 ms.
Unloading 1832 Unused Serialized files (Serialized files now loaded: 0)
System memory in use before: 89.6 MB.
System memory in use after: 89.5 MB.

Unloading 12 unused Assets to reduce memory usage. Loaded Objects now: 2494.
Total: 2.589800 ms (FindLiveObjects: 0.253200 ms CreateObjectMapping: 0.052400 ms MarkObjects: 2.151000 ms  DeleteObjects: 0.131900 ms)

========================================================================
Received Prepare
Registering precompiled user dll's ...
Registered in 0.001056 seconds.
Begin MonoManager ReloadAssembly
Native extension for WindowsStandalone target not found
Refreshing native plugins compatible for Editor in 0.69 ms, found 1 plugins.
Preloading 0 native plugins for Editor in 0.00 ms.
Mono: successfully reloaded assembly
- Completed reload, in  1.279 seconds
Platform modules already initialized, skipping
Refreshing native plugins compatible for Editor in 0.74 ms, found 1 plugins.
Preloading 0 native plugins for Editor in 0.00 ms.
Unloading 1832 Unused Serialized files (Serialized files now loaded: 0)
System memory in use before: 89.6 MB.
System memory in use after: 89.6 MB.

Unloading 12 unused Assets to reduce memory usage. Loaded Objects now: 2498.
Total: 5.172000 ms (FindLiveObjects: 0.386200 ms CreateObjectMapping: 0.116000 ms MarkObjects: 4.413400 ms  DeleteObjects: 0.254300 ms)

========================================================================
Received Prepare
Registering precompiled user dll's ...
Registered in 0.001179 seconds.
Begin MonoManager ReloadAssembly
Native extension for WindowsStandalone target not found
Refreshing native plugins compatible for Editor in 0.43 ms, found 1 plugins.
Preloading 0 native plugins for Editor in 0.00 ms.
Mono: successfully reloaded assembly
- Completed reload, in  1.019 seconds
Platform modules already initialized, skipping
Refreshing native plugins compatible for Editor in 0.47 ms, found 1 plugins.
Preloading 0 native plugins for Editor in 0.00 ms.
Unloading 1832 Unused Serialized files (Serialized files now loaded: 0)
System memory in use before: 89.6 MB.
System memory in use after: 89.6 MB.

Unloading 12 unused Assets to reduce memory usage. Loaded Objects now: 2502.
Total: 3.277800 ms (FindLiveObjects: 0.287300 ms CreateObjectMapping: 0.100700 ms MarkObjects: 2.725500 ms  DeleteObjects: 0.162700 ms)

========================================================================
Received Prepare
Registering precompiled user dll's ...
Registered in 0.001700 seconds.
Begin MonoManager ReloadAssembly
Native extension for WindowsStandalone target not found
Refreshing native plugins compatible for Editor in 0.81 ms, found 1 plugins.
Preloading 0 native plugins for Editor in 0.00 ms.
Mono: successfully reloaded assembly
- Completed reload, in  1.284 seconds
Platform modules already initialized, skipping
Refreshing native plugins compatible for Editor in 0.87 ms, found 1 plugins.
Preloading 0 native plugins for Editor in 0.00 ms.
Unloading 1832 Unused Serialized files (Serialized files now loaded: 0)
System memory in use before: 89.6 MB.
System memory in use after: 89.6 MB.

Unloading 12 unused Assets to reduce memory usage. Loaded Objects now: 2506.
Total: 3.713900 ms (FindLiveObjects: 0.302900 ms CreateObjectMapping: 0.065800 ms MarkObjects: 3.198400 ms  DeleteObjects: 0.144900 ms)

========================================================================
Received Prepare
Registering precompiled user dll's ...
Registered in 0.001107 seconds.
Begin MonoManager ReloadAssembly
Native extension for WindowsStandalone target not found
Refreshing native plugins compatible for Editor in 0.61 ms, found 1 plugins.
Preloading 0 native plugins for Editor in 0.00 ms.
Mono: successfully reloaded assembly
- Completed reload, in  1.257 seconds
Platform modules already initialized, skipping
Refreshing native plugins compatible for Editor in 0.46 ms, found 1 plugins.
Preloading 0 native plugins for Editor in 0.00 ms.
Unloading 1832 Unused Serialized files (Serialized files now loaded: 0)
System memory in use before: 89.6 MB.
System memory in use after: 89.6 MB.

Unloading 12 unused Assets to reduce memory usage. Loaded Objects now: 2510.
Total: 2.767100 ms (FindLiveObjects: 0.259000 ms CreateObjectMapping: 0.062000 ms MarkObjects: 2.315600 ms  DeleteObjects: 0.128600 ms)

========================================================================
Received Import Request.
  Time since last request: 1170.418177 seconds.
  path: Assets/Asset/Script/Main UI/MainMenuScript.cs
  artifactKey: Guid(02008165449b7a244b38fd87a612426e) Importer(815301076,1909f56bfc062723c751e8b465ee728b)
Start importing Assets/Asset/Script/Main UI/MainMenuScript.cs using Guid(02008165449b7a244b38fd87a612426e) Importer(815301076,1909f56bfc062723c751e8b465ee728b)  -> (artifact id: 'cf837cf1e8c67fef45b496612cb43e5c') in 0.029453 seconds
  Import took 0.039070 seconds .

========================================================================
Received Import Request.
  Time since last request: 7.406950 seconds.
  path: Assets/Asset/Script/Main UI/StartUIScript.cs
  artifactKey: Guid(0fb1938940a75e942b753bf1c1a4f99b) Importer(815301076,1909f56bfc062723c751e8b465ee728b)
Start importing Assets/Asset/Script/Main UI/StartUIScript.cs using Guid(0fb1938940a75e942b753bf1c1a4f99b) Importer(815301076,1909f56bfc062723c751e8b465ee728b)  -> (artifact id: '7dff05759f047e36bc6dae637b46f971') in 0.020176 seconds
  Import took 0.028633 seconds .

========================================================================
Received Import Request.
  Time since last request: 0.009495 seconds.
  path: Assets/Asset/Script/Main UI/StartUIScript.cs
  artifactKey: Guid(0fb1938940a75e942b753bf1c1a4f99b) Importer(815301076,1909f56bfc062723c751e8b465ee728b)
Start importing Assets/Asset/Script/Main UI/StartUIScript.cs using Guid(0fb1938940a75e942b753bf1c1a4f99b) Importer(815301076,1909f56bfc062723c751e8b465ee728b)  -> (artifact id: '7dff05759f047e36bc6dae637b46f971') in 0.004518 seconds
  Import took 0.010001 seconds .

========================================================================
Received Import Request.
  Time since last request: 25.277851 seconds.
  path: Assets/Asset/Script/Main UI/ReturnStartScene.cs
  artifactKey: Guid(afe43cc68e403994686e426d14c74c2f) Importer(815301076,1909f56bfc062723c751e8b465ee728b)
Start importing Assets/Asset/Script/Main UI/ReturnStartScene.cs using Guid(afe43cc68e403994686e426d14c74c2f) Importer(815301076,1909f56bfc062723c751e8b465ee728b)  -> (artifact id: '9de7eac9bc3c30867d90d7c52100d4c6') in 0.011248 seconds
  Import took 0.016763 seconds .

========================================================================
Received Prepare
Registering precompiled user dll's ...
Registered in 0.001449 seconds.
Begin MonoManager ReloadAssembly
Native extension for WindowsStandalone target not found
Refreshing native plugins compatible for Editor in 0.43 ms, found 1 plugins.
Preloading 0 native plugins for Editor in 0.00 ms.
Mono: successfully reloaded assembly
- Completed reload, in  1.138 seconds
Platform modules already initialized, skipping
Refreshing native plugins compatible for Editor in 0.42 ms, found 1 plugins.
Preloading 0 native plugins for Editor in 0.00 ms.
Unloading 1833 Unused Serialized files (Serialized files now loaded: 0)
System memory in use before: 89.8 MB.
System memory in use after: 89.8 MB.

Unloading 12 unused Assets to reduce memory usage. Loaded Objects now: 2515.
Total: 8.869200 ms (FindLiveObjects: 0.408000 ms CreateObjectMapping: 0.076000 ms MarkObjects: 8.203100 ms  DeleteObjects: 0.180300 ms)

========================================================================
Received Prepare
Registering precompiled user dll's ...
Registered in 0.001141 seconds.
Begin MonoManager ReloadAssembly
Native extension for WindowsStandalone target not found
Refreshing native plugins compatible for Editor in 0.47 ms, found 1 plugins.
Preloading 0 native plugins for Editor in 0.00 ms.
Mono: successfully reloaded assembly
- Completed reload, in  1.081 seconds
Platform modules already initialized, skipping
Refreshing native plugins compatible for Editor in 0.42 ms, found 1 plugins.
Preloading 0 native plugins for Editor in 0.00 ms.
Unloading 1833 Unused Serialized files (Serialized files now loaded: 0)
System memory in use before: 89.9 MB.
System memory in use after: 89.8 MB.

Unloading 12 unused Assets to reduce memory usage. Loaded Objects now: 2519.
Total: 2.536500 ms (FindLiveObjects: 0.264700 ms CreateObjectMapping: 0.054700 ms MarkObjects: 2.086700 ms  DeleteObjects: 0.129100 ms)

========================================================================
Received Prepare
Registering precompiled user dll's ...
Registered in 0.002145 seconds.
Begin MonoManager ReloadAssembly
Native extension for WindowsStandalone target not found
Refreshing native plugins compatible for Editor in 0.42 ms, found 1 plugins.
Preloading 0 native plugins for Editor in 0.00 ms.
Mono: successfully reloaded assembly
- Completed reload, in  1.407 seconds
Platform modules already initialized, skipping
Refreshing native plugins compatible for Editor in 0.51 ms, found 1 plugins.
Preloading 0 native plugins for Editor in 0.00 ms.
Unloading 1833 Unused Serialized files (Serialized files now loaded: 0)
System memory in use before: 89.9 MB.
System memory in use after: 89.8 MB.

Unloading 12 unused Assets to reduce memory usage. Loaded Objects now: 2523.
Total: 4.499300 ms (FindLiveObjects: 0.483800 ms CreateObjectMapping: 0.207300 ms MarkObjects: 3.669500 ms  DeleteObjects: 0.135700 ms)

========================================================================
Received Prepare
Registering precompiled user dll's ...
Registered in 0.001111 seconds.
Begin MonoManager ReloadAssembly
Native extension for WindowsStandalone target not found
Refreshing native plugins compatible for Editor in 0.65 ms, found 1 plugins.
Preloading 0 native plugins for Editor in 0.00 ms.
Mono: successfully reloaded assembly
- Completed reload, in  1.064 seconds
Platform modules already initialized, skipping
Refreshing native plugins compatible for Editor in 0.52 ms, found 1 plugins.
Preloading 0 native plugins for Editor in 0.00 ms.
Unloading 1833 Unused Serialized files (Serialized files now loaded: 0)
System memory in use before: 89.9 MB.
System memory in use after: 89.9 MB.

Unloading 12 unused Assets to reduce memory usage. Loaded Objects now: 2527.
Total: 8.540600 ms (FindLiveObjects: 0.485200 ms CreateObjectMapping: 0.208900 ms MarkObjects: 7.633700 ms  DeleteObjects: 0.210300 ms)

========================================================================
Received Prepare
Registering precompiled user dll's ...
Registered in 0.001698 seconds.
Begin MonoManager ReloadAssembly
Native extension for WindowsStandalone target not found
Refreshing native plugins compatible for Editor in 0.44 ms, found 1 plugins.
Preloading 0 native plugins for Editor in 0.00 ms.
Mono: successfully reloaded assembly
- Completed reload, in  1.117 seconds
Platform modules already initialized, skipping
Refreshing native plugins compatible for Editor in 0.41 ms, found 1 plugins.
Preloading 0 native plugins for Editor in 0.00 ms.
Unloading 1833 Unused Serialized files (Serialized files now loaded: 0)
System memory in use before: 89.9 MB.
System memory in use after: 89.9 MB.

Unloading 12 unused Assets to reduce memory usage. Loaded Objects now: 2531.
Total: 2.582900 ms (FindLiveObjects: 0.252700 ms CreateObjectMapping: 0.054200 ms MarkObjects: 2.150000 ms  DeleteObjects: 0.124700 ms)

========================================================================
Received Prepare
Registering precompiled user dll's ...
Registered in 0.001724 seconds.
Begin MonoManager ReloadAssembly
Native extension for WindowsStandalone target not found
Refreshing native plugins compatible for Editor in 0.77 ms, found 1 plugins.
Preloading 0 native plugins for Editor in 0.00 ms.
Mono: successfully reloaded assembly
- Completed reload, in  1.249 seconds
Platform modules already initialized, skipping
Refreshing native plugins compatible for Editor in 0.70 ms, found 1 plugins.
Preloading 0 native plugins for Editor in 0.00 ms.
Unloading 1833 Unused Serialized files (Serialized files now loaded: 0)
System memory in use before: 89.9 MB.
System memory in use after: 89.9 MB.

Unloading 12 unused Assets to reduce memory usage. Loaded Objects now: 2535.
Total: 3.028900 ms (FindLiveObjects: 0.312700 ms CreateObjectMapping: 0.080600 ms MarkObjects: 2.485000 ms  DeleteObjects: 0.148900 ms)

========================================================================
Received Prepare
Registering precompiled user dll's ...
Registered in 0.001277 seconds.
Begin MonoManager ReloadAssembly
Native extension for WindowsStandalone target not found
Refreshing native plugins compatible for Editor in 0.42 ms, found 1 plugins.
Preloading 0 native plugins for Editor in 0.00 ms.
Mono: successfully reloaded assembly
- Completed reload, in  1.281 seconds
Platform modules already initialized, skipping
Refreshing native plugins compatible for Editor in 0.62 ms, found 1 plugins.
Preloading 0 native plugins for Editor in 0.00 ms.
Unloading 1833 Unused Serialized files (Serialized files now loaded: 0)
System memory in use before: 89.9 MB.
System memory in use after: 89.9 MB.

Unloading 12 unused Assets to reduce memory usage. Loaded Objects now: 2539.
Total: 2.530000 ms (FindLiveObjects: 0.252800 ms CreateObjectMapping: 0.050600 ms MarkObjects: 2.092700 ms  DeleteObjects: 0.132300 ms)

========================================================================
Received Import Request.
  Time since last request: 667.668602 seconds.
  path: Assets/Scenes/Result.unity
  artifactKey: Guid(5960613f59ebc2a49a039dc8c764c69f) Importer(815301076,1909f56bfc062723c751e8b465ee728b)
Start importing Assets/Scenes/Result.unity using Guid(5960613f59ebc2a49a039dc8c764c69f) Importer(815301076,1909f56bfc062723c751e8b465ee728b)  -> (artifact id: '779396246bf7edf3f50ee0cbb9cef8fa') in 0.026730 seconds
  Import took 0.031499 seconds .

========================================================================
Received Import Request.
  Time since last request: 17.560072 seconds.
  path: Assets/Asset/Script/Main UI/OptionUIScript.cs
  artifactKey: Guid(fba5f9f849a7a374fbab589236a1ee45) Importer(815301076,1909f56bfc062723c751e8b465ee728b)
Start importing Assets/Asset/Script/Main UI/OptionUIScript.cs using Guid(fba5f9f849a7a374fbab589236a1ee45) Importer(815301076,1909f56bfc062723c751e8b465ee728b)  -> (artifact id: '650605d68eef4df034976fd17702ee6b') in 0.013574 seconds
  Import took 0.020097 seconds .

========================================================================
Received Prepare
Registering precompiled user dll's ...
Registered in 0.001097 seconds.
Begin MonoManager ReloadAssembly
Native extension for WindowsStandalone target not found
Refreshing native plugins compatible for Editor in 0.88 ms, found 1 plugins.
Preloading 0 native plugins for Editor in 0.00 ms.
Mono: successfully reloaded assembly
- Completed reload, in  1.051 seconds
Platform modules already initialized, skipping
Refreshing native plugins compatible for Editor in 0.65 ms, found 1 plugins.
Preloading 0 native plugins for Editor in 0.00 ms.
Unloading 1833 Unused Serialized files (Serialized files now loaded: 0)
System memory in use before: 89.9 MB.
System memory in use after: 89.9 MB.

Unloading 12 unused Assets to reduce memory usage. Loaded Objects now: 2543.
Total: 4.194700 ms (FindLiveObjects: 0.356300 ms CreateObjectMapping: 0.121700 ms MarkObjects: 3.580000 ms  DeleteObjects: 0.134400 ms)

========================================================================
Received Prepare
Registering precompiled user dll's ...
Registered in 0.001209 seconds.
Begin MonoManager ReloadAssembly
Native extension for WindowsStandalone target not found
Refreshing native plugins compatible for Editor in 0.70 ms, found 1 plugins.
Preloading 0 native plugins for Editor in 0.00 ms.
Mono: successfully reloaded assembly
- Completed reload, in  1.039 seconds
Platform modules already initialized, skipping
Refreshing native plugins compatible for Editor in 0.45 ms, found 1 plugins.
Preloading 0 native plugins for Editor in 0.00 ms.
Unloading 1833 Unused Serialized files (Serialized files now loaded: 0)
System memory in use before: 89.9 MB.
System memory in use after: 89.9 MB.

Unloading 12 unused Assets to reduce memory usage. Loaded Objects now: 2547.
Total: 3.062900 ms (FindLiveObjects: 0.293300 ms CreateObjectMapping: 0.080100 ms MarkObjects: 2.542900 ms  DeleteObjects: 0.145100 ms)

========================================================================
Received Prepare
Registering precompiled user dll's ...
Registered in 0.001279 seconds.
Begin MonoManager ReloadAssembly
Native extension for WindowsStandalone target not found
Refreshing native plugins compatible for Editor in 0.51 ms, found 1 plugins.
Preloading 0 native plugins for Editor in 0.00 ms.
Mono: successfully reloaded assembly
- Completed reload, in  1.334 seconds
Platform modules already initialized, skipping
Refreshing native plugins compatible for Editor in 0.72 ms, found 1 plugins.
Preloading 0 native plugins for Editor in 0.00 ms.
Unloading 1833 Unused Serialized files (Serialized files now loaded: 0)
System memory in use before: 89.9 MB.
System memory in use after: 89.9 MB.

Unloading 12 unused Assets to reduce memory usage. Loaded Objects now: 2551.
Total: 5.194200 ms (FindLiveObjects: 0.460200 ms CreateObjectMapping: 0.143700 ms MarkObjects: 4.335200 ms  DeleteObjects: 0.252400 ms)

========================================================================
Received Prepare
Registering precompiled user dll's ...
Registered in 0.001473 seconds.
Begin MonoManager ReloadAssembly
Native extension for WindowsStandalone target not found
Refreshing native plugins compatible for Editor in 0.75 ms, found 1 plugins.
Preloading 0 native plugins for Editor in 0.00 ms.
Mono: successfully reloaded assembly
- Completed reload, in  1.460 seconds
Platform modules already initialized, skipping
Refreshing native plugins compatible for Editor in 0.78 ms, found 1 plugins.
Preloading 0 native plugins for Editor in 0.00 ms.
Unloading 1833 Unused Serialized files (Serialized files now loaded: 0)
System memory in use before: 90.0 MB.
System memory in use after: 89.9 MB.

Unloading 12 unused Assets to reduce memory usage. Loaded Objects now: 2555.
Total: 5.128800 ms (FindLiveObjects: 0.449300 ms CreateObjectMapping: 0.183300 ms MarkObjects: 4.246400 ms  DeleteObjects: 0.247000 ms)

========================================================================
Received Prepare
Registering precompiled user dll's ...
Registered in 0.001588 seconds.
Begin MonoManager ReloadAssembly
Native extension for WindowsStandalone target not found
Refreshing native plugins compatible for Editor in 0.68 ms, found 1 plugins.
Preloading 0 native plugins for Editor in 0.00 ms.
Mono: successfully reloaded assembly
- Completed reload, in  1.120 seconds
Platform modules already initialized, skipping
Refreshing native plugins compatible for Editor in 0.58 ms, found 1 plugins.
Preloading 0 native plugins for Editor in 0.00 ms.
Unloading 1833 Unused Serialized files (Serialized files now loaded: 0)
System memory in use before: 90.0 MB.
System memory in use after: 89.9 MB.

Unloading 12 unused Assets to reduce memory usage. Loaded Objects now: 2559.
Total: 3.176800 ms (FindLiveObjects: 0.326400 ms CreateObjectMapping: 0.216100 ms MarkObjects: 2.505700 ms  DeleteObjects: 0.127100 ms)

========================================================================
Received Prepare
Registering precompiled user dll's ...
Registered in 0.001744 seconds.
Begin MonoManager ReloadAssembly
Native extension for WindowsStandalone target not found
Refreshing native plugins compatible for Editor in 0.42 ms, found 1 plugins.
Preloading 0 native plugins for Editor in 0.00 ms.
Mono: successfully reloaded assembly
- Completed reload, in  1.115 seconds
Platform modules already initialized, skipping
Refreshing native plugins compatible for Editor in 0.60 ms, found 1 plugins.
Preloading 0 native plugins for Editor in 0.00 ms.
Unloading 1833 Unused Serialized files (Serialized files now loaded: 0)
System memory in use before: 90.0 MB.
System memory in use after: 90.0 MB.

Unloading 12 unused Assets to reduce memory usage. Loaded Objects now: 2563.
Total: 2.981700 ms (FindLiveObjects: 0.257700 ms CreateObjectMapping: 0.052400 ms MarkObjects: 2.504300 ms  DeleteObjects: 0.165500 ms)

========================================================================
Received Import Request.
  Time since last request: 597.351179 seconds.
  path: Assets/Asset/Script/GameManager.cs
  artifactKey: Guid(e4fa654e36987ee4f9966e958c36ce0c) Importer(815301076,1909f56bfc062723c751e8b465ee728b)
Start importing Assets/Asset/Script/GameManager.cs using Guid(e4fa654e36987ee4f9966e958c36ce0c) Importer(815301076,1909f56bfc062723c751e8b465ee728b)  -> (artifact id: 'a11592764e9c8456b665c38906935fd3') in 0.014930 seconds
  Import took 0.023214 seconds .

========================================================================
Received Import Request.
  Time since last request: 0.016012 seconds.
  path: Assets/Asset/Script/GameManager.cs
  artifactKey: Guid(e4fa654e36987ee4f9966e958c36ce0c) Importer(815301076,1909f56bfc062723c751e8b465ee728b)
Start importing Assets/Asset/Script/GameManager.cs using Guid(e4fa654e36987ee4f9966e958c36ce0c) Importer(815301076,1909f56bfc062723c751e8b465ee728b)  -> (artifact id: 'a11592764e9c8456b665c38906935fd3') in 0.006997 seconds
  Import took 0.014161 seconds .

========================================================================
Received Prepare
Registering precompiled user dll's ...
Registered in 0.001331 seconds.
Begin MonoManager ReloadAssembly
Native extension for WindowsStandalone target not found
Refreshing native plugins compatible for Editor in 0.46 ms, found 1 plugins.
Preloading 0 native plugins for Editor in 0.00 ms.
Mono: successfully reloaded assembly
- Completed reload, in  1.327 seconds
Platform modules already initialized, skipping
Refreshing native plugins compatible for Editor in 0.73 ms, found 1 plugins.
Preloading 0 native plugins for Editor in 0.00 ms.
Unloading 1833 Unused Serialized files (Serialized files now loaded: 0)
System memory in use before: 90.0 MB.
System memory in use after: 90.0 MB.

Unloading 12 unused Assets to reduce memory usage. Loaded Objects now: 2567.
Total: 5.021200 ms (FindLiveObjects: 0.451500 ms CreateObjectMapping: 0.200400 ms MarkObjects: 4.117200 ms  DeleteObjects: 0.249800 ms)

========================================================================
Received Prepare
Registering precompiled user dll's ...
Registered in 0.001176 seconds.
Begin MonoManager ReloadAssembly
Native extension for WindowsStandalone target not found
Refreshing native plugins compatible for Editor in 0.42 ms, found 1 plugins.
Preloading 0 native plugins for Editor in 0.00 ms.
Mono: successfully reloaded assembly
- Completed reload, in  1.103 seconds
Platform modules already initialized, skipping
Refreshing native plugins compatible for Editor in 0.44 ms, found 1 plugins.
Preloading 0 native plugins for Editor in 0.00 ms.
Unloading 1833 Unused Serialized files (Serialized files now loaded: 0)
System memory in use before: 90.0 MB.
System memory in use after: 90.0 MB.

Unloading 12 unused Assets to reduce memory usage. Loaded Objects now: 2571.
Total: 2.628700 ms (FindLiveObjects: 0.266300 ms CreateObjectMapping: 0.057900 ms MarkObjects: 2.173700 ms  DeleteObjects: 0.129300 ms)

========================================================================
Received Prepare
Registering precompiled user dll's ...
Registered in 0.001708 seconds.
Begin MonoManager ReloadAssembly
Native extension for WindowsStandalone target not found
Refreshing native plugins compatible for Editor in 0.41 ms, found 1 plugins.
Preloading 0 native plugins for Editor in 0.00 ms.
Mono: successfully reloaded assembly
- Completed reload, in  1.247 seconds
Platform modules already initialized, skipping
Refreshing native plugins compatible for Editor in 0.74 ms, found 1 plugins.
Preloading 0 native plugins for Editor in 0.00 ms.
Unloading 1833 Unused Serialized files (Serialized files now loaded: 0)
System memory in use before: 90.0 MB.
System memory in use after: 90.0 MB.

Unloading 12 unused Assets to reduce memory usage. Loaded Objects now: 2575.
Total: 5.104600 ms (FindLiveObjects: 0.446800 ms CreateObjectMapping: 0.187300 ms MarkObjects: 4.228700 ms  DeleteObjects: 0.239200 ms)

========================================================================
Received Prepare
Registering precompiled user dll's ...
Registered in 0.001068 seconds.
Begin MonoManager ReloadAssembly
Native extension for WindowsStandalone target not found
Refreshing native plugins compatible for Editor in 0.77 ms, found 1 plugins.
Preloading 0 native plugins for Editor in 0.00 ms.
Mono: successfully reloaded assembly
- Completed reload, in  1.352 seconds
Platform modules already initialized, skipping
Refreshing native plugins compatible for Editor in 0.45 ms, found 1 plugins.
Preloading 0 native plugins for Editor in 0.00 ms.
Unloading 1833 Unused Serialized files (Serialized files now loaded: 0)
System memory in use before: 90.0 MB.
System memory in use after: 90.0 MB.

Unloading 12 unused Assets to reduce memory usage. Loaded Objects now: 2579.
Total: 5.129600 ms (FindLiveObjects: 0.445900 ms CreateObjectMapping: 0.169800 ms MarkObjects: 4.284700 ms  DeleteObjects: 0.226500 ms)

========================================================================
Received Import Request.
  Time since last request: 624.375415 seconds.
  path: Assets/Scenes/Result.unity
  artifactKey: Guid(5960613f59ebc2a49a039dc8c764c69f) Importer(815301076,1909f56bfc062723c751e8b465ee728b)
Start importing Assets/Scenes/Result.unity using Guid(5960613f59ebc2a49a039dc8c764c69f) Importer(815301076,1909f56bfc062723c751e8b465ee728b)  -> (artifact id: '979069e70232c9173163549989be3f37') in 0.032635 seconds
  Import took 0.040156 seconds .

========================================================================
Received Prepare
Registering precompiled user dll's ...
Registered in 0.001103 seconds.
Begin MonoManager ReloadAssembly
Native extension for WindowsStandalone target not found
Refreshing native plugins compatible for Editor in 0.51 ms, found 1 plugins.
Preloading 0 native plugins for Editor in 0.00 ms.
Mono: successfully reloaded assembly
- Completed reload, in  1.261 seconds
Platform modules already initialized, skipping
Refreshing native plugins compatible for Editor in 0.43 ms, found 1 plugins.
Preloading 0 native plugins for Editor in 0.00 ms.
Unloading 1833 Unused Serialized files (Serialized files now loaded: 0)
System memory in use before: 90.0 MB.
System memory in use after: 90.0 MB.

Unloading 12 unused Assets to reduce memory usage. Loaded Objects now: 2583.
Total: 3.458100 ms (FindLiveObjects: 0.320300 ms CreateObjectMapping: 0.098500 ms MarkObjects: 2.871900 ms  DeleteObjects: 0.165700 ms)

========================================================================
Received Prepare
Registering precompiled user dll's ...
Registered in 0.001480 seconds.
Begin MonoManager ReloadAssembly
Native extension for WindowsStandalone target not found
Refreshing native plugins compatible for Editor in 0.43 ms, found 1 plugins.
Preloading 0 native plugins for Editor in 0.00 ms.
Mono: successfully reloaded assembly
- Completed reload, in  1.063 seconds
Platform modules already initialized, skipping
Refreshing native plugins compatible for Editor in 0.42 ms, found 1 plugins.
Preloading 0 native plugins for Editor in 0.00 ms.
Unloading 1833 Unused Serialized files (Serialized files now loaded: 0)
System memory in use before: 90.0 MB.
System memory in use after: 90.0 MB.

Unloading 12 unused Assets to reduce memory usage. Loaded Objects now: 2587.
Total: 3.071700 ms (FindLiveObjects: 0.476500 ms CreateObjectMapping: 0.125800 ms MarkObjects: 2.339400 ms  DeleteObjects: 0.128600 ms)

========================================================================
Received Prepare
Registering precompiled user dll's ...
Registered in 0.001177 seconds.
Begin MonoManager ReloadAssembly
Native extension for WindowsStandalone target not found
Refreshing native plugins compatible for Editor in 0.78 ms, found 1 plugins.
Preloading 0 native plugins for Editor in 0.00 ms.
Mono: successfully reloaded assembly
- Completed reload, in  1.436 seconds
Platform modules already initialized, skipping
Refreshing native plugins compatible for Editor in 0.42 ms, found 1 plugins.
Preloading 0 native plugins for Editor in 0.00 ms.
Unloading 1833 Unused Serialized files (Serialized files now loaded: 0)
System memory in use before: 90.0 MB.
System memory in use after: 90.0 MB.

Unloading 12 unused Assets to reduce memory usage. Loaded Objects now: 2591.
Total: 5.012500 ms (FindLiveObjects: 0.426300 ms CreateObjectMapping: 0.171300 ms MarkObjects: 4.179000 ms  DeleteObjects: 0.233600 ms)

========================================================================
Received Import Request.
  Time since last request: 155.671683 seconds.
  path: Assets/Scenes/SampleScene.unity
  artifactKey: Guid(2cda990e2423bbf4892e6590ba056729) Importer(815301076,1909f56bfc062723c751e8b465ee728b)
Start importing Assets/Scenes/SampleScene.unity using Guid(2cda990e2423bbf4892e6590ba056729) Importer(815301076,1909f56bfc062723c751e8b465ee728b)  -> (artifact id: '9cd903e769314f9d47ec450fb3c69335') in 0.204992 seconds
  Import took 0.209516 seconds .

========================================================================
Received Import Request.
  Time since last request: 0.010325 seconds.
  path: Assets/Scenes/SampleScene.unity
  artifactKey: Guid(2cda990e2423bbf4892e6590ba056729) Importer(815301076,1909f56bfc062723c751e8b465ee728b)
Start importing Assets/Scenes/SampleScene.unity using Guid(2cda990e2423bbf4892e6590ba056729) Importer(815301076,1909f56bfc062723c751e8b465ee728b)  -> (artifact id: '9cd903e769314f9d47ec450fb3c69335') in 0.003474 seconds
  Import took 0.008461 seconds .

========================================================================
Received Prepare
Registering precompiled user dll's ...
Registered in 0.001131 seconds.
Begin MonoManager ReloadAssembly
Native extension for WindowsStandalone target not found
Refreshing native plugins compatible for Editor in 0.56 ms, found 1 plugins.
Preloading 0 native plugins for Editor in 0.00 ms.
Mono: successfully reloaded assembly
- Completed reload, in  1.152 seconds
Platform modules already initialized, skipping
Refreshing native plugins compatible for Editor in 0.51 ms, found 1 plugins.
Preloading 0 native plugins for Editor in 0.00 ms.
Unloading 1833 Unused Serialized files (Serialized files now loaded: 0)
System memory in use before: 90.1 MB.
System memory in use after: 90.0 MB.

Unloading 12 unused Assets to reduce memory usage. Loaded Objects now: 2595.
Total: 3.740200 ms (FindLiveObjects: 0.344800 ms CreateObjectMapping: 0.097400 ms MarkObjects: 3.148300 ms  DeleteObjects: 0.147800 ms)

========================================================================
Received Prepare
Registering precompiled user dll's ...
Registered in 0.001099 seconds.
Begin MonoManager ReloadAssembly
Native extension for WindowsStandalone target not found
Refreshing native plugins compatible for Editor in 0.52 ms, found 1 plugins.
Preloading 0 native plugins for Editor in 0.00 ms.
Mono: successfully reloaded assembly
- Completed reload, in  1.105 seconds
Platform modules already initialized, skipping
Refreshing native plugins compatible for Editor in 0.59 ms, found 1 plugins.
Preloading 0 native plugins for Editor in 0.00 ms.
Unloading 1833 Unused Serialized files (Serialized files now loaded: 0)
System memory in use before: 90.1 MB.
System memory in use after: 90.0 MB.

Unloading 12 unused Assets to reduce memory usage. Loaded Objects now: 2599.
Total: 3.463500 ms (FindLiveObjects: 0.268200 ms CreateObjectMapping: 0.109700 ms MarkObjects: 2.949300 ms  DeleteObjects: 0.134400 ms)

========================================================================
Received Prepare
Registering precompiled user dll's ...
Registered in 0.001057 seconds.
Begin MonoManager ReloadAssembly
Native extension for WindowsStandalone target not found
Refreshing native plugins compatible for Editor in 0.43 ms, found 1 plugins.
Preloading 0 native plugins for Editor in 0.00 ms.
Mono: successfully reloaded assembly
- Completed reload, in  1.062 seconds
Platform modules already initialized, skipping
Refreshing native plugins compatible for Editor in 0.42 ms, found 1 plugins.
Preloading 0 native plugins for Editor in 0.00 ms.
Unloading 1833 Unused Serialized files (Serialized files now loaded: 0)
System memory in use before: 90.1 MB.
System memory in use after: 90.1 MB.

Unloading 12 unused Assets to reduce memory usage. Loaded Objects now: 2603.
Total: 2.477500 ms (FindLiveObjects: 0.260700 ms CreateObjectMapping: 0.056500 ms MarkObjects: 2.043900 ms  DeleteObjects: 0.115300 ms)

========================================================================
Received Import Request.
  Time since last request: 79.397085 seconds.
  path: Assets/Scenes/Result.unity
  artifactKey: Guid(5960613f59ebc2a49a039dc8c764c69f) Importer(815301076,1909f56bfc062723c751e8b465ee728b)
Start importing Assets/Scenes/Result.unity using Guid(5960613f59ebc2a49a039dc8c764c69f) Importer(815301076,1909f56bfc062723c751e8b465ee728b)  -> (artifact id: 'cc5a200a0d517a86429499659f2641eb') in 0.019434 seconds
  Import took 0.024383 seconds .

========================================================================
Received Prepare
Registering precompiled user dll's ...
Registered in 0.001121 seconds.
Begin MonoManager ReloadAssembly
Native extension for WindowsStandalone target not found
Refreshing native plugins compatible for Editor in 0.43 ms, found 1 plugins.
Preloading 0 native plugins for Editor in 0.00 ms.
Mono: successfully reloaded assembly
- Completed reload, in  1.200 seconds
Platform modules already initialized, skipping
Refreshing native plugins compatible for Editor in 0.55 ms, found 1 plugins.
Preloading 0 native plugins for Editor in 0.00 ms.
Unloading 1833 Unused Serialized files (Serialized files now loaded: 0)
System memory in use before: 90.2 MB.
System memory in use after: 90.2 MB.

Unloading 12 unused Assets to reduce memory usage. Loaded Objects now: 2607.
Total: 2.666000 ms (FindLiveObjects: 0.285200 ms CreateObjectMapping: 0.069300 ms MarkObjects: 2.178500 ms  DeleteObjects: 0.131900 ms)

========================================================================
Received Prepare
Registering precompiled user dll's ...
Registered in 0.001677 seconds.
Begin MonoManager ReloadAssembly
Native extension for WindowsStandalone target not found
Refreshing native plugins compatible for Editor in 0.43 ms, found 1 plugins.
Preloading 0 native plugins for Editor in 0.00 ms.
Mono: successfully reloaded assembly
- Completed reload, in  1.327 seconds
Platform modules already initialized, skipping
Refreshing native plugins compatible for Editor in 0.70 ms, found 1 plugins.
Preloading 0 native plugins for Editor in 0.00 ms.
Unloading 1833 Unused Serialized files (Serialized files now loaded: 0)
System memory in use before: 90.1 MB.
System memory in use after: 90.1 MB.

Unloading 12 unused Assets to reduce memory usage. Loaded Objects now: 2611.
Total: 5.184700 ms (FindLiveObjects: 0.483200 ms CreateObjectMapping: 0.211800 ms MarkObjects: 4.239000 ms  DeleteObjects: 0.247800 ms)

========================================================================
Received Prepare
Registering precompiled user dll's ...
Registered in 0.001146 seconds.
Begin MonoManager ReloadAssembly
Native extension for WindowsStandalone target not found
Refreshing native plugins compatible for Editor in 0.39 ms, found 1 plugins.
Preloading 0 native plugins for Editor in 0.00 ms.
Mono: successfully reloaded assembly
- Completed reload, in  1.143 seconds
Platform modules already initialized, skipping
Refreshing native plugins compatible for Editor in 0.43 ms, found 1 plugins.
Preloading 0 native plugins for Editor in 0.00 ms.
Unloading 1833 Unused Serialized files (Serialized files now loaded: 0)
System memory in use before: 90.1 MB.
System memory in use after: 90.1 MB.

Unloading 12 unused Assets to reduce memory usage. Loaded Objects now: 2615.
Total: 3.103200 ms (FindLiveObjects: 0.261400 ms CreateObjectMapping: 0.066800 ms MarkObjects: 2.576300 ms  DeleteObjects: 0.197100 ms)

========================================================================
Received Prepare
Registering precompiled user dll's ...
Registered in 0.001747 seconds.
Begin MonoManager ReloadAssembly
Native extension for WindowsStandalone target not found
Refreshing native plugins compatible for Editor in 0.42 ms, found 1 plugins.
Preloading 0 native plugins for Editor in 0.00 ms.
Mono: successfully reloaded assembly
- Completed reload, in  1.307 seconds
Platform modules already initialized, skipping
Refreshing native plugins compatible for Editor in 0.54 ms, found 1 plugins.
Preloading 0 native plugins for Editor in 0.00 ms.
Unloading 1833 Unused Serialized files (Serialized files now loaded: 0)
System memory in use before: 90.1 MB.
System memory in use after: 90.1 MB.

Unloading 12 unused Assets to reduce memory usage. Loaded Objects now: 2619.
Total: 5.639300 ms (FindLiveObjects: 0.460000 ms CreateObjectMapping: 0.189000 ms MarkObjects: 4.735700 ms  DeleteObjects: 0.251200 ms)

AssetImportWorkerClient::OnTransportError - code=2 error=End of file
