Using pre-set license
Built from '2020.3/staging' branch; Version is '2020.3.9f1 (108be757e447) revision 1084391'; Using compiler version '192528614'; Build Type 'Release'
OS: 'Windows 10 Pro; OS build 19045.3570; Version 2009; 64bit' Language: 'ko' Physical Memory: 16235 MB
BatchMode: 1, IsHumanControllingUs: 0, StartBugReporterOnCrash: 0, Is64bit: 1, IsPro: 0

 COMMAND LINE ARGUMENTS:
C:\Program Files\Unity\Hub\Editor\2020.3.9f1\Editor\Unity.exe
-adb2
-batchMode
-noUpm
-name
AssetImportWorker0
-projectPath
C:/Unity/NewUnityProject
-logFile
Logs/AssetImportWorker0.log
-srvPort
64815
Successfully changed project path to: C:/Unity/NewUnityProject
C:/Unity/NewUnityProject
Using Asset Import Pipeline V2.
Refreshing native plugins compatible for Editor in 39.09 ms, found 1 plugins.
Preloading 0 native plugins for Editor in 0.00 ms.
Initialize engine version: 2020.3.9f1 (108be757e447)
[Subsystems] Discovering subsystems at path C:/Program Files/Unity/Hub/Editor/2020.3.9f1/Editor/Data/Resources/UnitySubsystems
[Subsystems] Discovering subsystems at path C:/Unity/NewUnityProject/Assets
GfxDevice: creating device client; threaded=0
Direct3D:
    Version:  Direct3D 11.0 [level 11.1]
    Renderer: NVIDIA GeForce RTX 3060 Ti (ID=0x2489)
    Vendor:   
    VRAM:     8038 MB
    Driver:   31.0.15.3623
Initialize mono
Mono path[0] = 'C:/Program Files/Unity/Hub/Editor/2020.3.9f1/Editor/Data/Managed'
Mono path[1] = 'C:/Program Files/Unity/Hub/Editor/2020.3.9f1/Editor/Data/MonoBleedingEdge/lib/mono/unityjit'
Mono config path = 'C:/Program Files/Unity/Hub/Editor/2020.3.9f1/Editor/Data/MonoBleedingEdge/etc'
Using monoOptions --debugger-agent=transport=dt_socket,embedding=1,server=y,suspend=n,address=127.0.0.1:56824
Begin MonoManager ReloadAssembly
Registering precompiled unity dll's ...
Register platform support module: C:/Program Files/Unity/Hub/Editor/2020.3.9f1/Editor/Data/PlaybackEngines/WindowsStandaloneSupport/UnityEditor.WindowsStandalone.Extensions.dll
Registered in 0.001652 seconds.
Native extension for WindowsStandalone target not found
Refreshing native plugins compatible for Editor in 40.88 ms, found 1 plugins.
Preloading 0 native plugins for Editor in 0.00 ms.
Mono: successfully reloaded assembly
- Completed reload, in  1.700 seconds
Platform modules already initialized, skipping
Registering precompiled user dll's ...
Registered in 0.000792 seconds.
Begin MonoManager ReloadAssembly
Native extension for WindowsStandalone target not found
Refreshing native plugins compatible for Editor in 39.68 ms, found 1 plugins.
Preloading 0 native plugins for Editor in 0.00 ms.
Mono: successfully reloaded assembly
- Completed reload, in  0.854 seconds
Platform modules already initialized, skipping
========================================================================
Worker process is ready to serve import requests
Launched and connected shader compiler UnityShaderCompiler.exe after 0.03 seconds
Refreshing native plugins compatible for Editor in 0.25 ms, found 1 plugins.
Preloading 0 native plugins for Editor in 0.00 ms.
Unloading 1843 Unused Serialized files (Serialized files now loaded: 0)
System memory in use before: 85.9 MB.
System memory in use after: 86.0 MB.

Unloading 19 unused Assets to reduce memory usage. Loaded Objects now: 2291.
Total: 1.495000 ms (FindLiveObjects: 0.154200 ms CreateObjectMapping: 0.032400 ms MarkObjects: 1.265000 ms  DeleteObjects: 0.042400 ms)

========================================================================
Received Import Request.
  path: Assets/Scenes/Data Scene.unity
  artifactKey: Guid(f97ac50f421eda847a471815ecebc7ab) Importer(815301076,1909f56bfc062723c751e8b465ee728b)
Start importing Assets/Scenes/Data Scene.unity using Guid(f97ac50f421eda847a471815ecebc7ab) Importer(815301076,1909f56bfc062723c751e8b465ee728b)  -> (artifact id: '0228a5dc4ea17fae01f83a08f9241368') in 0.006128 seconds
  Import took 0.007841 seconds .

========================================================================
Received Import Request.
  Time since last request: 0.000102 seconds.
  path: Assets/Scenes/SampleScene.unity
  artifactKey: Guid(2cda990e2423bbf4892e6590ba056729) Importer(815301076,1909f56bfc062723c751e8b465ee728b)
Start importing Assets/Scenes/SampleScene.unity using Guid(2cda990e2423bbf4892e6590ba056729) Importer(815301076,1909f56bfc062723c751e8b465ee728b)  -> (artifact id: 'e52a569f97d2b293dc9deb5274744f9d') in 0.000762 seconds
  Import took 0.002306 seconds .

========================================================================
Received Prepare
Registering precompiled user dll's ...
Registered in 0.000695 seconds.
Begin MonoManager ReloadAssembly
Native extension for WindowsStandalone target not found
Refreshing native plugins compatible for Editor in 0.38 ms, found 1 plugins.
Preloading 0 native plugins for Editor in 0.00 ms.
Mono: successfully reloaded assembly
- Completed reload, in  0.762 seconds
Platform modules already initialized, skipping
Refreshing native plugins compatible for Editor in 0.29 ms, found 1 plugins.
Preloading 0 native plugins for Editor in 0.00 ms.
Unloading 1833 Unused Serialized files (Serialized files now loaded: 0)
System memory in use before: 85.4 MB.
System memory in use after: 85.5 MB.

Unloading 7 unused Assets to reduce memory usage. Loaded Objects now: 2295.
Total: 1.664200 ms (FindLiveObjects: 0.200800 ms CreateObjectMapping: 0.044500 ms MarkObjects: 1.399600 ms  DeleteObjects: 0.018200 ms)

========================================================================
Received Prepare
Registering precompiled user dll's ...
Registered in 0.000807 seconds.
Begin MonoManager ReloadAssembly
Native extension for WindowsStandalone target not found
Refreshing native plugins compatible for Editor in 0.45 ms, found 1 plugins.
Preloading 0 native plugins for Editor in 0.00 ms.
Mono: successfully reloaded assembly
- Completed reload, in  0.800 seconds
Platform modules already initialized, skipping
Refreshing native plugins compatible for Editor in 0.37 ms, found 1 plugins.
Preloading 0 native plugins for Editor in 0.00 ms.
Unloading 1833 Unused Serialized files (Serialized files now loaded: 0)
System memory in use before: 85.4 MB.
System memory in use after: 85.5 MB.

Unloading 7 unused Assets to reduce memory usage. Loaded Objects now: 2299.
Total: 1.632200 ms (FindLiveObjects: 0.207600 ms CreateObjectMapping: 0.045800 ms MarkObjects: 1.358900 ms  DeleteObjects: 0.019000 ms)

========================================================================
Received Import Request.
  Time since last request: 169.344440 seconds.
  path: Assets/Scenes/Start Scene.unity
  artifactKey: Guid(f1402ee8749bed74a8e43202fc939770) Importer(815301076,1909f56bfc062723c751e8b465ee728b)
Start importing Assets/Scenes/Start Scene.unity using Guid(f1402ee8749bed74a8e43202fc939770) Importer(815301076,1909f56bfc062723c751e8b465ee728b)  -> (artifact id: '956c6102649f617e17ed3dfd8b4d7877') in 0.011284 seconds
  Import took 0.014684 seconds .

========================================================================
Received Import Request.
  Time since last request: 0.713340 seconds.
  path: Assets/Scenes/ProductSelect Scene.unity
  artifactKey: Guid(eea1ab71870a15440bd409a40e58f199) Importer(815301076,1909f56bfc062723c751e8b465ee728b)
Start importing Assets/Scenes/ProductSelect Scene.unity using Guid(eea1ab71870a15440bd409a40e58f199) Importer(815301076,1909f56bfc062723c751e8b465ee728b)  -> (artifact id: 'bc0ec13782e86ded46ab76a8fcfc6b31') in 0.004066 seconds
  Import took 0.006684 seconds .

========================================================================
Received Import Request.
  Time since last request: 2.075064 seconds.
  path: Assets/Scenes/Option Scene.unity
  artifactKey: Guid(8c5532b7e4b0ed64ca571dbf80ef3faf) Importer(815301076,1909f56bfc062723c751e8b465ee728b)
Start importing Assets/Scenes/Option Scene.unity using Guid(8c5532b7e4b0ed64ca571dbf80ef3faf) Importer(815301076,1909f56bfc062723c751e8b465ee728b)  -> (artifact id: '09e3c1690ae8116ac3188e7d5d31b9f6') in 0.002263 seconds
  Import took 0.004837 seconds .

========================================================================
Received Import Request.
  Time since last request: 24.482140 seconds.
  path: Assets/Asset/Script/Main UI/DataUIScript.cs
  artifactKey: Guid(c4d652c70754fca489cc83b879d65769) Importer(815301076,1909f56bfc062723c751e8b465ee728b)
Start importing Assets/Asset/Script/Main UI/DataUIScript.cs using Guid(c4d652c70754fca489cc83b879d65769) Importer(815301076,1909f56bfc062723c751e8b465ee728b)  -> (artifact id: '0199325ad997911c14fb0969ec1fd311') in 0.015761 seconds
  Import took 0.018719 seconds .

========================================================================
Received Prepare
Registering precompiled user dll's ...
Registered in 0.000756 seconds.
Begin MonoManager ReloadAssembly
Native extension for WindowsStandalone target not found
Refreshing native plugins compatible for Editor in 0.41 ms, found 1 plugins.
Preloading 0 native plugins for Editor in 0.00 ms.
Mono: successfully reloaded assembly
- Completed reload, in  0.770 seconds
Platform modules already initialized, skipping
Refreshing native plugins compatible for Editor in 0.27 ms, found 1 plugins.
Preloading 0 native plugins for Editor in 0.00 ms.
Unloading 1833 Unused Serialized files (Serialized files now loaded: 0)
System memory in use before: 85.4 MB.
System memory in use after: 85.6 MB.

Unloading 7 unused Assets to reduce memory usage. Loaded Objects now: 2303.
Total: 1.577000 ms (FindLiveObjects: 0.201800 ms CreateObjectMapping: 0.044600 ms MarkObjects: 1.312100 ms  DeleteObjects: 0.017500 ms)

========================================================================
Received Import Request.
  Time since last request: 12.294697 seconds.
  path: Assets/Asset/Script/Main UI/DataUIScript.cs
  artifactKey: Guid(c4d652c70754fca489cc83b879d65769) Importer(815301076,1909f56bfc062723c751e8b465ee728b)
Start importing Assets/Asset/Script/Main UI/DataUIScript.cs using Guid(c4d652c70754fca489cc83b879d65769) Importer(815301076,1909f56bfc062723c751e8b465ee728b)  -> (artifact id: '6e9139dca7bbda3b07dc0463373fbcb1') in 0.003610 seconds
  Import took 0.005907 seconds .

========================================================================
Received Prepare
Refreshing native plugins compatible for Editor in 1.43 ms, found 1 plugins.
Preloading 0 native plugins for Editor in 0.00 ms.
Unloading 5 Unused Serialized files (Serialized files now loaded: 0)
System memory in use before: 49.3 MB.
System memory in use after: 49.4 MB.

Unloading 5 unused Assets to reduce memory usage. Loaded Objects now: 2303.
Total: 1.563600 ms (FindLiveObjects: 0.175800 ms CreateObjectMapping: 0.044800 ms MarkObjects: 1.325600 ms  DeleteObjects: 0.016600 ms)

========================================================================
Received Prepare
Refreshing native plugins compatible for Editor in 1.38 ms, found 1 plugins.
Preloading 0 native plugins for Editor in 0.00 ms.
Unloading 5 Unused Serialized files (Serialized files now loaded: 0)
System memory in use before: 49.3 MB.
System memory in use after: 49.4 MB.

Unloading 5 unused Assets to reduce memory usage. Loaded Objects now: 2303.
Total: 1.809400 ms (FindLiveObjects: 0.190800 ms CreateObjectMapping: 0.046100 ms MarkObjects: 1.559000 ms  DeleteObjects: 0.012700 ms)

AssetImportWorkerClient::OnTransportError - code=2 error=End of file
