Using pre-set license
Built from '2020.3/staging' branch; Version is '2020.3.9f1 (108be757e447) revision 1084391'; Using compiler version '192528614'; Build Type 'Release'
OS: 'Windows 10 Pro for Workstations; OS build 19045.3448; Version 2009; 64bit' Language: 'ko' Physical Memory: 16067 MB
BatchMode: 1, IsHumanControllingUs: 0, StartBugReporterOnCrash: 0, Is64bit: 1, IsPro: 0

 COMMAND LINE ARGUMENTS:
C:\Program Files\Unity\Editor\Unity.exe
-adb2
-batchMode
-noUpm
-name
AssetImportWorker0
-projectPath
C:/Users/USER/github/NewUnityProject
-logFile
Logs/AssetImportWorker0.log
-srvPort
58151
Successfully changed project path to: C:/Users/USER/github/NewUnityProject
C:/Users/USER/github/NewUnityProject
Using Asset Import Pipeline V2.
Refreshing native plugins compatible for Editor in 44.44 ms, found 1 plugins.
Preloading 0 native plugins for Editor in 0.00 ms.
Initialize engine version: 2020.3.9f1 (108be757e447)
[Subsystems] Discovering subsystems at path C:/Program Files/Unity/Editor/Data/Resources/UnitySubsystems
[Subsystems] Discovering subsystems at path C:/Users/USER/github/NewUnityProject/Assets
GfxDevice: creating device client; threaded=0
Direct3D:
    Version:  Direct3D 11.0 [level 11.1]
    Renderer: NVIDIA RTX A2000 (ID=0x2531)
    Vendor:   
    VRAM:     6004 MB
    Driver:   31.0.15.3713
Initialize mono
Mono path[0] = 'C:/Program Files/Unity/Editor/Data/Managed'
Mono path[1] = 'C:/Program Files/Unity/Editor/Data/MonoBleedingEdge/lib/mono/unityjit'
Mono config path = 'C:/Program Files/Unity/Editor/Data/MonoBleedingEdge/etc'
Using monoOptions --debugger-agent=transport=dt_socket,embedding=1,server=y,suspend=n,address=127.0.0.1:56580
Begin MonoManager ReloadAssembly
Registering precompiled unity dll's ...
Register platform support module: C:/Program Files/Unity/Editor/Data/PlaybackEngines/WindowsStandaloneSupport/UnityEditor.WindowsStandalone.Extensions.dll
Registered in 0.002169 seconds.
Native extension for WindowsStandalone target not found
Refreshing native plugins compatible for Editor in 63.33 ms, found 1 plugins.
Preloading 0 native plugins for Editor in 0.00 ms.
Mono: successfully reloaded assembly
- Completed reload, in  1.785 seconds
Platform modules already initialized, skipping
Registering precompiled user dll's ...
Registered in 0.001615 seconds.
Begin MonoManager ReloadAssembly
Native extension for WindowsStandalone target not found
Refreshing native plugins compatible for Editor in 56.76 ms, found 1 plugins.
Preloading 0 native plugins for Editor in 0.00 ms.
Mono: successfully reloaded assembly
- Completed reload, in  1.742 seconds
Platform modules already initialized, skipping
========================================================================
Worker process is ready to serve import requests
Launched and connected shader compiler UnityShaderCompiler.exe after 0.09 seconds
Refreshing native plugins compatible for Editor in 0.50 ms, found 1 plugins.
Preloading 0 native plugins for Editor in 0.00 ms.
Unloading 1843 Unused Serialized files (Serialized files now loaded: 0)
System memory in use before: 85.8 MB.
System memory in use after: 85.9 MB.

Unloading 19 unused Assets to reduce memory usage. Loaded Objects now: 2291.
Total: 2.282800 ms (FindLiveObjects: 0.246300 ms CreateObjectMapping: 0.062200 ms MarkObjects: 1.903300 ms  DeleteObjects: 0.069500 ms)

========================================================================
Received Import Request.
  path: Assets/Scenes/Option Scene.unity
  artifactKey: Guid(8c5532b7e4b0ed64ca571dbf80ef3faf) Importer(815301076,1909f56bfc062723c751e8b465ee728b)
Start importing Assets/Scenes/Option Scene.unity using Guid(8c5532b7e4b0ed64ca571dbf80ef3faf) Importer(815301076,1909f56bfc062723c751e8b465ee728b)  -> (artifact id: '727bbfa3bcab51ca77e0a40f9b6931f0') in 0.011454 seconds
  Import took 0.014680 seconds .

========================================================================
Received Import Request.
  Time since last request: 24.385616 seconds.
  path: Assets/Asset/Script/Main UI/OptionUIScript.cs
  artifactKey: Guid(fba5f9f849a7a374fbab589236a1ee45) Importer(815301076,1909f56bfc062723c751e8b465ee728b)
Start importing Assets/Asset/Script/Main UI/OptionUIScript.cs using Guid(fba5f9f849a7a374fbab589236a1ee45) Importer(815301076,1909f56bfc062723c751e8b465ee728b)  -> (artifact id: 'a9f9a75f663c78f48f0f8c368afaed85') in 0.070940 seconds
  Import took 0.075657 seconds .

========================================================================
Received Import Request.
  Time since last request: 32.156032 seconds.
  path: Assets/Asset/Script/Main UI/OptionUIScript.cs
  artifactKey: Guid(fba5f9f849a7a374fbab589236a1ee45) Importer(815301076,1909f56bfc062723c751e8b465ee728b)
Start importing Assets/Asset/Script/Main UI/OptionUIScript.cs using Guid(fba5f9f849a7a374fbab589236a1ee45) Importer(815301076,1909f56bfc062723c751e8b465ee728b)  -> (artifact id: '5af3cc32a06c24e0c13ee0af03af7fd4') in 0.004364 seconds
  Import took 0.009549 seconds .

========================================================================
Received Prepare
Registering precompiled user dll's ...
Registered in 0.001216 seconds.
Begin MonoManager ReloadAssembly
Native extension for WindowsStandalone target not found
Refreshing native plugins compatible for Editor in 0.51 ms, found 1 plugins.
Preloading 0 native plugins for Editor in 0.00 ms.
Mono: successfully reloaded assembly
- Completed reload, in  1.298 seconds
Platform modules already initialized, skipping
Refreshing native plugins compatible for Editor in 1.02 ms, found 1 plugins.
Preloading 0 native plugins for Editor in 0.00 ms.
Unloading 1833 Unused Serialized files (Serialized files now loaded: 0)
System memory in use before: 85.3 MB.
System memory in use after: 85.4 MB.

Unloading 7 unused Assets to reduce memory usage. Loaded Objects now: 2295.
Total: 2.316600 ms (FindLiveObjects: 0.232800 ms CreateObjectMapping: 0.050600 ms MarkObjects: 2.008000 ms  DeleteObjects: 0.024100 ms)

========================================================================
Received Prepare
Registering precompiled user dll's ...
Registered in 0.001220 seconds.
Begin MonoManager ReloadAssembly
Native extension for WindowsStandalone target not found
Refreshing native plugins compatible for Editor in 1.02 ms, found 1 plugins.
Preloading 0 native plugins for Editor in 0.00 ms.
Mono: successfully reloaded assembly
- Completed reload, in  1.118 seconds
Platform modules already initialized, skipping
Refreshing native plugins compatible for Editor in 0.85 ms, found 1 plugins.
Preloading 0 native plugins for Editor in 0.00 ms.
Unloading 1833 Unused Serialized files (Serialized files now loaded: 0)
System memory in use before: 85.3 MB.
System memory in use after: 85.4 MB.

Unloading 7 unused Assets to reduce memory usage. Loaded Objects now: 2299.
Total: 4.544300 ms (FindLiveObjects: 0.384000 ms CreateObjectMapping: 0.146700 ms MarkObjects: 3.968800 ms  DeleteObjects: 0.042400 ms)

========================================================================
Received Prepare
Registering precompiled user dll's ...
Registered in 0.001360 seconds.
Begin MonoManager ReloadAssembly
Native extension for WindowsStandalone target not found
Refreshing native plugins compatible for Editor in 0.96 ms, found 1 plugins.
Preloading 0 native plugins for Editor in 0.00 ms.
Mono: successfully reloaded assembly
- Completed reload, in  1.346 seconds
Platform modules already initialized, skipping
Refreshing native plugins compatible for Editor in 0.88 ms, found 1 plugins.
Preloading 0 native plugins for Editor in 0.00 ms.
Unloading 1833 Unused Serialized files (Serialized files now loaded: 0)
System memory in use before: 85.3 MB.
System memory in use after: 85.5 MB.

Unloading 7 unused Assets to reduce memory usage. Loaded Objects now: 2303.
Total: 4.113700 ms (FindLiveObjects: 0.413000 ms CreateObjectMapping: 0.191500 ms MarkObjects: 3.483500 ms  DeleteObjects: 0.023300 ms)

========================================================================
Received Prepare
Registering precompiled user dll's ...
Registered in 0.001413 seconds.
Begin MonoManager ReloadAssembly
Native extension for WindowsStandalone target not found
Refreshing native plugins compatible for Editor in 0.72 ms, found 1 plugins.
Preloading 0 native plugins for Editor in 0.00 ms.
Mono: successfully reloaded assembly
- Completed reload, in  1.546 seconds
Platform modules already initialized, skipping
Refreshing native plugins compatible for Editor in 0.88 ms, found 1 plugins.
Preloading 0 native plugins for Editor in 0.00 ms.
Unloading 1833 Unused Serialized files (Serialized files now loaded: 0)
System memory in use before: 85.4 MB.
System memory in use after: 85.5 MB.

Unloading 7 unused Assets to reduce memory usage. Loaded Objects now: 2307.
Total: 4.914300 ms (FindLiveObjects: 0.398000 ms CreateObjectMapping: 0.177400 ms MarkObjects: 4.295800 ms  DeleteObjects: 0.040700 ms)

========================================================================
Received Prepare
Registering precompiled user dll's ...
Registered in 0.001392 seconds.
Begin MonoManager ReloadAssembly
Native extension for WindowsStandalone target not found
Refreshing native plugins compatible for Editor in 0.52 ms, found 1 plugins.
Preloading 0 native plugins for Editor in 0.00 ms.
Mono: successfully reloaded assembly
- Completed reload, in  1.240 seconds
Platform modules already initialized, skipping
Refreshing native plugins compatible for Editor in 0.49 ms, found 1 plugins.
Preloading 0 native plugins for Editor in 0.00 ms.
Unloading 1833 Unused Serialized files (Serialized files now loaded: 0)
System memory in use before: 85.4 MB.
System memory in use after: 85.5 MB.

Unloading 7 unused Assets to reduce memory usage. Loaded Objects now: 2311.
Total: 3.039100 ms (FindLiveObjects: 0.239000 ms CreateObjectMapping: 0.055300 ms MarkObjects: 2.719900 ms  DeleteObjects: 0.023000 ms)

========================================================================
Received Import Request.
  Time since last request: 253.845802 seconds.
  path: Assets/Asset/Script/Main UI/AudioSliderControl.cs
  artifactKey: Guid(6e5e3da4f6e7015429f22c3e16bd25f1) Importer(815301076,1909f56bfc062723c751e8b465ee728b)
Start importing Assets/Asset/Script/Main UI/AudioSliderControl.cs using Guid(6e5e3da4f6e7015429f22c3e16bd25f1) Importer(815301076,1909f56bfc062723c751e8b465ee728b)  -> (artifact id: '220caf78af502bb2db7dfb3ea3254a04') in 0.016999 seconds
  Import took 0.021569 seconds .

========================================================================
Received Import Request.
  Time since last request: 0.020462 seconds.
  path: Assets/Asset/Script/Main UI/AudioSliderControl.cs
  artifactKey: Guid(6e5e3da4f6e7015429f22c3e16bd25f1) Importer(815301076,1909f56bfc062723c751e8b465ee728b)
Start importing Assets/Asset/Script/Main UI/AudioSliderControl.cs using Guid(6e5e3da4f6e7015429f22c3e16bd25f1) Importer(815301076,1909f56bfc062723c751e8b465ee728b)  -> (artifact id: '220caf78af502bb2db7dfb3ea3254a04') in 0.003662 seconds
  Import took 0.008495 seconds .

========================================================================
Received Prepare
Registering precompiled user dll's ...
Registered in 0.001507 seconds.
Begin MonoManager ReloadAssembly
Native extension for WindowsStandalone target not found
Refreshing native plugins compatible for Editor in 0.52 ms, found 1 plugins.
Preloading 0 native plugins for Editor in 0.00 ms.
Mono: successfully reloaded assembly
- Completed reload, in  1.332 seconds
Platform modules already initialized, skipping
Refreshing native plugins compatible for Editor in 0.49 ms, found 1 plugins.
Preloading 0 native plugins for Editor in 0.00 ms.
Unloading 1833 Unused Serialized files (Serialized files now loaded: 0)
System memory in use before: 85.4 MB.
System memory in use after: 85.5 MB.

Unloading 7 unused Assets to reduce memory usage. Loaded Objects now: 2315.
Total: 2.586200 ms (FindLiveObjects: 0.367900 ms CreateObjectMapping: 0.135400 ms MarkObjects: 2.060200 ms  DeleteObjects: 0.020700 ms)

========================================================================
Received Import Request.
  Time since last request: 75.104923 seconds.
  path: Assets/Asset/Script/Main UI/AudioSliderControl.cs
  artifactKey: Guid(6e5e3da4f6e7015429f22c3e16bd25f1) Importer(815301076,1909f56bfc062723c751e8b465ee728b)
Start importing Assets/Asset/Script/Main UI/AudioSliderControl.cs using Guid(6e5e3da4f6e7015429f22c3e16bd25f1) Importer(815301076,1909f56bfc062723c751e8b465ee728b)  -> (artifact id: '013f45cd17a81b84e6a2892d01270510') in 0.007061 seconds
  Import took 0.012596 seconds .

========================================================================
Received Import Request.
  Time since last request: 0.006951 seconds.
  path: Assets/Asset/Script/Main UI/AudioSliderControl.cs
  artifactKey: Guid(6e5e3da4f6e7015429f22c3e16bd25f1) Importer(815301076,1909f56bfc062723c751e8b465ee728b)
Start importing Assets/Asset/Script/Main UI/AudioSliderControl.cs using Guid(6e5e3da4f6e7015429f22c3e16bd25f1) Importer(815301076,1909f56bfc062723c751e8b465ee728b)  -> (artifact id: '013f45cd17a81b84e6a2892d01270510') in 0.004760 seconds
  Import took 0.009275 seconds .

========================================================================
Received Prepare
Registering precompiled user dll's ...
Registered in 0.001318 seconds.
Begin MonoManager ReloadAssembly
Native extension for WindowsStandalone target not found
Refreshing native plugins compatible for Editor in 0.85 ms, found 1 plugins.
Preloading 0 native plugins for Editor in 0.00 ms.
Mono: successfully reloaded assembly
- Completed reload, in  1.620 seconds
Platform modules already initialized, skipping
Refreshing native plugins compatible for Editor in 0.54 ms, found 1 plugins.
Preloading 0 native plugins for Editor in 0.00 ms.
Unloading 1833 Unused Serialized files (Serialized files now loaded: 0)
System memory in use before: 85.4 MB.
System memory in use after: 85.5 MB.

Unloading 7 unused Assets to reduce memory usage. Loaded Objects now: 2319.
Total: 3.519100 ms (FindLiveObjects: 0.605400 ms CreateObjectMapping: 0.262100 ms MarkObjects: 2.621600 ms  DeleteObjects: 0.027500 ms)

========================================================================
Received Import Request.
  Time since last request: 38.045665 seconds.
  path: Assets/Asset/Script/Main UI/AudioSliderControl.cs
  artifactKey: Guid(6e5e3da4f6e7015429f22c3e16bd25f1) Importer(815301076,1909f56bfc062723c751e8b465ee728b)
Start importing Assets/Asset/Script/Main UI/AudioSliderControl.cs using Guid(6e5e3da4f6e7015429f22c3e16bd25f1) Importer(815301076,1909f56bfc062723c751e8b465ee728b)  -> (artifact id: 'a1495219ab6343c4f940948aa9d4ee0b') in 0.010055 seconds
  Import took 0.014616 seconds .

========================================================================
Received Import Request.
  Time since last request: 0.004461 seconds.
  path: Assets/Asset/Script/Main UI/AudioSliderControl.cs
  artifactKey: Guid(6e5e3da4f6e7015429f22c3e16bd25f1) Importer(815301076,1909f56bfc062723c751e8b465ee728b)
Start importing Assets/Asset/Script/Main UI/AudioSliderControl.cs using Guid(6e5e3da4f6e7015429f22c3e16bd25f1) Importer(815301076,1909f56bfc062723c751e8b465ee728b)  -> (artifact id: 'a1495219ab6343c4f940948aa9d4ee0b') in 0.004127 seconds
  Import took 0.009882 seconds .

========================================================================
Received Prepare
Registering precompiled user dll's ...
Registered in 0.002049 seconds.
Begin MonoManager ReloadAssembly
Native extension for WindowsStandalone target not found
Refreshing native plugins compatible for Editor in 0.60 ms, found 1 plugins.
Preloading 0 native plugins for Editor in 0.00 ms.
Mono: successfully reloaded assembly
- Completed reload, in  1.352 seconds
Platform modules already initialized, skipping
Refreshing native plugins compatible for Editor in 0.68 ms, found 1 plugins.
Preloading 0 native plugins for Editor in 0.00 ms.
Unloading 1833 Unused Serialized files (Serialized files now loaded: 0)
System memory in use before: 85.4 MB.
System memory in use after: 85.5 MB.

Unloading 7 unused Assets to reduce memory usage. Loaded Objects now: 2323.
Total: 3.260500 ms (FindLiveObjects: 0.417300 ms CreateObjectMapping: 0.137500 ms MarkObjects: 2.676600 ms  DeleteObjects: 0.027400 ms)

========================================================================
Received Import Request.
  Time since last request: 140.738371 seconds.
  path: Assets/Asset/Script/Main UI/AudioSliderControl.cs
  artifactKey: Guid(6e5e3da4f6e7015429f22c3e16bd25f1) Importer(815301076,1909f56bfc062723c751e8b465ee728b)
Start importing Assets/Asset/Script/Main UI/AudioSliderControl.cs using Guid(6e5e3da4f6e7015429f22c3e16bd25f1) Importer(815301076,1909f56bfc062723c751e8b465ee728b)  -> (artifact id: '86d36f47e2d08685b237b4299c18effb') in 0.015376 seconds
  Import took 0.021991 seconds .

========================================================================
Received Import Request.
  Time since last request: 0.028337 seconds.
  path: Assets/Asset/Script/Main UI/AudioSliderControl.cs
  artifactKey: Guid(6e5e3da4f6e7015429f22c3e16bd25f1) Importer(815301076,1909f56bfc062723c751e8b465ee728b)
Start importing Assets/Asset/Script/Main UI/AudioSliderControl.cs using Guid(6e5e3da4f6e7015429f22c3e16bd25f1) Importer(815301076,1909f56bfc062723c751e8b465ee728b)  -> (artifact id: '86d36f47e2d08685b237b4299c18effb') in 0.003212 seconds
  Import took 0.007345 seconds .

========================================================================
Received Prepare
Registering precompiled user dll's ...
Registered in 0.001219 seconds.
Begin MonoManager ReloadAssembly
Native extension for WindowsStandalone target not found
Refreshing native plugins compatible for Editor in 0.97 ms, found 1 plugins.
Preloading 0 native plugins for Editor in 0.00 ms.
Mono: successfully reloaded assembly
- Completed reload, in  1.289 seconds
Platform modules already initialized, skipping
Refreshing native plugins compatible for Editor in 0.86 ms, found 1 plugins.
Preloading 0 native plugins for Editor in 0.00 ms.
Unloading 1833 Unused Serialized files (Serialized files now loaded: 0)
System memory in use before: 85.4 MB.
System memory in use after: 85.5 MB.

Unloading 7 unused Assets to reduce memory usage. Loaded Objects now: 2327.
Total: 2.344700 ms (FindLiveObjects: 0.236800 ms CreateObjectMapping: 0.053900 ms MarkObjects: 2.032600 ms  DeleteObjects: 0.020100 ms)

========================================================================
Received Prepare
Registering precompiled user dll's ...
Registered in 0.001270 seconds.
Begin MonoManager ReloadAssembly
Native extension for WindowsStandalone target not found
Refreshing native plugins compatible for Editor in 0.92 ms, found 1 plugins.
Preloading 0 native plugins for Editor in 0.00 ms.
Mono: successfully reloaded assembly
- Completed reload, in  1.530 seconds
Platform modules already initialized, skipping
Refreshing native plugins compatible for Editor in 0.96 ms, found 1 plugins.
Preloading 0 native plugins for Editor in 0.00 ms.
Unloading 1833 Unused Serialized files (Serialized files now loaded: 0)
System memory in use before: 85.4 MB.
System memory in use after: 85.5 MB.

Unloading 7 unused Assets to reduce memory usage. Loaded Objects now: 2331.
Total: 5.047600 ms (FindLiveObjects: 0.389400 ms CreateObjectMapping: 0.278600 ms MarkObjects: 4.330300 ms  DeleteObjects: 0.045800 ms)

========================================================================
Received Import Request.
  Time since last request: 86.130645 seconds.
  path: Assets/Asset/Script/Main UI/AudioSliderControl.cs
  artifactKey: Guid(6e5e3da4f6e7015429f22c3e16bd25f1) Importer(815301076,1909f56bfc062723c751e8b465ee728b)
Start importing Assets/Asset/Script/Main UI/AudioSliderControl.cs using Guid(6e5e3da4f6e7015429f22c3e16bd25f1) Importer(815301076,1909f56bfc062723c751e8b465ee728b)  -> (artifact id: '46dd132bfde612b3e9788f1b0b14bea5') in 0.014614 seconds
  Import took 0.022931 seconds .

========================================================================
Received Import Request.
  Time since last request: 0.040676 seconds.
  path: Assets/Asset/Script/Main UI/AudioSliderControl.cs
  artifactKey: Guid(6e5e3da4f6e7015429f22c3e16bd25f1) Importer(815301076,1909f56bfc062723c751e8b465ee728b)
Start importing Assets/Asset/Script/Main UI/AudioSliderControl.cs using Guid(6e5e3da4f6e7015429f22c3e16bd25f1) Importer(815301076,1909f56bfc062723c751e8b465ee728b)  -> (artifact id: '46dd132bfde612b3e9788f1b0b14bea5') in 0.003451 seconds
  Import took 0.007234 seconds .

========================================================================
Received Prepare
Registering precompiled user dll's ...
Registered in 0.001236 seconds.
Begin MonoManager ReloadAssembly
Native extension for WindowsStandalone target not found
Refreshing native plugins compatible for Editor in 0.62 ms, found 1 plugins.
Preloading 0 native plugins for Editor in 0.00 ms.
Mono: successfully reloaded assembly
- Completed reload, in  1.460 seconds
Platform modules already initialized, skipping
Refreshing native plugins compatible for Editor in 0.51 ms, found 1 plugins.
Preloading 0 native plugins for Editor in 0.00 ms.
Unloading 1833 Unused Serialized files (Serialized files now loaded: 0)
System memory in use before: 85.4 MB.
System memory in use after: 85.5 MB.

Unloading 7 unused Assets to reduce memory usage. Loaded Objects now: 2335.
Total: 4.959100 ms (FindLiveObjects: 0.387600 ms CreateObjectMapping: 0.132900 ms MarkObjects: 4.391200 ms  DeleteObjects: 0.044600 ms)

========================================================================
Received Prepare
Registering precompiled user dll's ...
Registered in 0.001598 seconds.
Begin MonoManager ReloadAssembly
Native extension for WindowsStandalone target not found
Refreshing native plugins compatible for Editor in 0.86 ms, found 1 plugins.
Preloading 0 native plugins for Editor in 0.00 ms.
Mono: successfully reloaded assembly
- Completed reload, in  1.513 seconds
Platform modules already initialized, skipping
Refreshing native plugins compatible for Editor in 0.51 ms, found 1 plugins.
Preloading 0 native plugins for Editor in 0.00 ms.
Unloading 1833 Unused Serialized files (Serialized files now loaded: 0)
System memory in use before: 85.4 MB.
System memory in use after: 85.6 MB.

Unloading 7 unused Assets to reduce memory usage. Loaded Objects now: 2339.
Total: 3.776700 ms (FindLiveObjects: 0.331300 ms CreateObjectMapping: 0.206200 ms MarkObjects: 3.206300 ms  DeleteObjects: 0.031100 ms)

========================================================================
Received Import Request.
  Time since last request: 120.320880 seconds.
  path: Assets/Scenes/SampleScene.unity
  artifactKey: Guid(2cda990e2423bbf4892e6590ba056729) Importer(815301076,1909f56bfc062723c751e8b465ee728b)
Start importing Assets/Scenes/SampleScene.unity using Guid(2cda990e2423bbf4892e6590ba056729) Importer(815301076,1909f56bfc062723c751e8b465ee728b)  -> (artifact id: '93600d4817ed2ed3735e81bb6d2874bf') in 0.019606 seconds
  Import took 0.024158 seconds .

========================================================================
Received Prepare
Registering precompiled user dll's ...
Registered in 0.001752 seconds.
Begin MonoManager ReloadAssembly
Native extension for WindowsStandalone target not found
Refreshing native plugins compatible for Editor in 0.99 ms, found 1 plugins.
Preloading 0 native plugins for Editor in 0.00 ms.
Mono: successfully reloaded assembly
- Completed reload, in  1.484 seconds
Platform modules already initialized, skipping
Refreshing native plugins compatible for Editor in 0.49 ms, found 1 plugins.
Preloading 0 native plugins for Editor in 0.00 ms.
Unloading 1833 Unused Serialized files (Serialized files now loaded: 0)
System memory in use before: 85.4 MB.
System memory in use after: 85.6 MB.

Unloading 7 unused Assets to reduce memory usage. Loaded Objects now: 2343.
Total: 2.681500 ms (FindLiveObjects: 0.239600 ms CreateObjectMapping: 0.055200 ms MarkObjects: 2.363600 ms  DeleteObjects: 0.022000 ms)

========================================================================
Received Prepare
Registering precompiled user dll's ...
Registered in 0.001327 seconds.
Begin MonoManager ReloadAssembly
Native extension for WindowsStandalone target not found
Refreshing native plugins compatible for Editor in 0.58 ms, found 1 plugins.
Preloading 0 native plugins for Editor in 0.00 ms.
Mono: successfully reloaded assembly
- Completed reload, in  1.272 seconds
Platform modules already initialized, skipping
Refreshing native plugins compatible for Editor in 0.52 ms, found 1 plugins.
Preloading 0 native plugins for Editor in 0.00 ms.
Unloading 1833 Unused Serialized files (Serialized files now loaded: 0)
System memory in use before: 85.5 MB.
System memory in use after: 85.6 MB.

Unloading 7 unused Assets to reduce memory usage. Loaded Objects now: 2347.
Total: 3.568900 ms (FindLiveObjects: 0.334100 ms CreateObjectMapping: 0.146000 ms MarkObjects: 3.059500 ms  DeleteObjects: 0.027700 ms)

AssetImportWorkerClient::OnTransportError - code=2 error=End of file
